This is pdfTeX, Version 3.14159265-2.6-1.40.19 (TeX Live 2018/W32TeX) (preloaded format=pdflatex 2018.11.23)  10 DEC 2021 17:53
entering extended mode
 restricted \write18 enabled.
 file:line:error style messages enabled.
 %&-line parsing enabled.
**d:/GitHub/PredictiveLearning_applied_to_MuonChamberMonitoring/SLIDES_THESIS/slides.tex
(d:/GitHub/PredictiveLearning_applied_to_MuonChamberMonitoring/SLIDES_THESIS/slides.tex
LaTeX2e <2018-04-01> patch level 2
Babel <3.18> and hyphenation patterns for 84 language(s) loaded.
(d:/Programmi/texlive/2018/texmf-dist/tex/latex/beamer/beamer.cls
Document Class: beamer 2018/02/20 v3.50 A class for typesetting presentations
(d:/Programmi/texlive/2018/texmf-dist/tex/latex/beamer/beamerbasemodes.sty (d:/Programmi/texlive/2018/texmf-dist/tex/latex/etoolbox/etoolbox.sty
Package: etoolbox 2018/02/11 v2.5e e-TeX tools for LaTeX (JAW)
\etb@tempcnta=\count80
)
\beamer@tempbox=\box26
\beamer@tempcount=\count81
\c@beamerpauses=\count82
 (d:/Programmi/texlive/2018/texmf-dist/tex/latex/beamer/beamerbasedecode.sty
\beamer@slideinframe=\count83
\beamer@minimum=\count84
)
\beamer@commentbox=\box27
\beamer@modecount=\count85
) (d:/Programmi/texlive/2018/texmf-dist/tex/generic/oberdiek/ifpdf.sty
Package: ifpdf 2017/03/15 v3.2 Provides the ifpdf switch
)
\headdp=\dimen102
\footheight=\dimen103
\sidebarheight=\dimen104
\beamer@tempdim=\dimen105
\beamer@finalheight=\dimen106
\beamer@animht=\dimen107
\beamer@animdp=\dimen108
\beamer@animwd=\dimen109
\beamer@leftmargin=\dimen110
\beamer@rightmargin=\dimen111
\beamer@leftsidebar=\dimen112
\beamer@rightsidebar=\dimen113
\beamer@boxsize=\dimen114
\beamer@vboxoffset=\dimen115
\beamer@descdefault=\dimen116
\beamer@descriptionwidth=\dimen117
\beamer@lastskip=\skip41
\beamer@areabox=\box28
\beamer@animcurrent=\box29
\beamer@animshowbox=\box30
\beamer@sectionbox=\box31
\beamer@logobox=\box32
\beamer@linebox=\box33
\beamer@sectioncount=\count86
\beamer@subsubsectionmax=\count87
\beamer@subsectionmax=\count88
\beamer@sectionmax=\count89
\beamer@totalheads=\count90
\beamer@headcounter=\count91
\beamer@partstartpage=\count92
\beamer@sectionstartpage=\count93
\beamer@subsectionstartpage=\count94
\beamer@animationtempa=\count95
\beamer@animationtempb=\count96
\beamer@xpos=\count97
\beamer@ypos=\count98
\beamer@ypos@offset=\count99
\beamer@showpartnumber=\count100
\beamer@currentsubsection=\count101
\beamer@coveringdepth=\count102
\beamer@sectionadjust=\count103
\beamer@tocsectionnumber=\count104
 (d:/Programmi/texlive/2018/texmf-dist/tex/latex/beamer/beamerbaseoptions.sty (d:/Programmi/texlive/2018/texmf-dist/tex/latex/graphics/keyval.sty
Package: keyval 2014/10/28 v1.15 key=value parser (DPC)
\KV@toks@=\toks14
))
\beamer@paperwidth=\skip42
\beamer@paperheight=\skip43
 (d:/Programmi/texlive/2018/texmf-dist/tex/latex/geometry/geometry.sty
Package: geometry 2018/03/24 v5.7 Page Geometry
 (d:/Programmi/texlive/2018/texmf-dist/tex/generic/oberdiek/ifvtex.sty
Package: ifvtex 2016/05/16 v1.6 Detect VTeX and its facilities (HO)
Package ifvtex Info: VTeX not detected.
) (d:/Programmi/texlive/2018/texmf-dist/tex/generic/ifxetex/ifxetex.sty
Package: ifxetex 2010/09/12 v0.6 Provides ifxetex conditional
)
\Gm@cnth=\count105
\Gm@cntv=\count106
\c@Gm@tempcnt=\count107
\Gm@bindingoffset=\dimen118
\Gm@wd@mp=\dimen119
\Gm@odd@mp=\dimen120
\Gm@even@mp=\dimen121
\Gm@layoutwidth=\dimen122
\Gm@layoutheight=\dimen123
\Gm@layouthoffset=\dimen124
\Gm@layoutvoffset=\dimen125
\Gm@dimlist=\toks15
) (d:/Programmi/texlive/2018/texmf-dist/tex/latex/base/size11.clo
File: size11.clo 2014/09/29 v1.4h Standard LaTeX file (size option)
) (d:/Programmi/texlive/2018/texmf-dist/tex/latex/pgf/basiclayer/pgfcore.sty (d:/Programmi/texlive/2018/texmf-dist/tex/latex/graphics/graphicx.sty
Package: graphicx 2017/06/01 v1.1a Enhanced LaTeX Graphics (DPC,SPQR)
 (d:/Programmi/texlive/2018/texmf-dist/tex/latex/graphics/graphics.sty
Package: graphics 2017/06/25 v1.2c Standard LaTeX Graphics (DPC,SPQR)
 (d:/Programmi/texlive/2018/texmf-dist/tex/latex/graphics/trig.sty
Package: trig 2016/01/03 v1.10 sin cos tan (DPC)
) (d:/Programmi/texlive/2018/texmf-dist/tex/latex/graphics-cfg/graphics.cfg
File: graphics.cfg 2016/06/04 v1.11 sample graphics configuration
)
Package graphics Info: Driver file: pdftex.def on input line 99.
 (d:/Programmi/texlive/2018/texmf-dist/tex/latex/graphics-def/pdftex.def
File: pdftex.def 2018/01/08 v1.0l Graphics/color driver for pdftex
))
\Gin@req@height=\dimen126
\Gin@req@width=\dimen127
) (d:/Programmi/texlive/2018/texmf-dist/tex/latex/pgf/systemlayer/pgfsys.sty (d:/Programmi/texlive/2018/texmf-dist/tex/latex/pgf/utilities/pgfrcs.sty (d:/Programmi/texlive/2018/texmf-dist/tex/generic/pgf/utilities/pgfutil-common.tex
\pgfutil@everybye=\toks16
\pgfutil@tempdima=\dimen128
\pgfutil@tempdimb=\dimen129
 (d:/Programmi/texlive/2018/texmf-dist/tex/generic/pgf/utilities/pgfutil-common-lists.tex)) (d:/Programmi/texlive/2018/texmf-dist/tex/generic/pgf/utilities/pgfutil-latex.def
\pgfutil@abb=\box34
 (d:/Programmi/texlive/2018/texmf-dist/tex/latex/ms/everyshi.sty
Package: everyshi 2001/05/15 v3.00 EveryShipout Package (MS)
)) (d:/Programmi/texlive/2018/texmf-dist/tex/generic/pgf/utilities/pgfrcs.code.tex
Package: pgfrcs 2015/08/07 v3.0.1a (rcs-revision 1.31)
)) (d:/Programmi/texlive/2018/texmf-dist/tex/generic/pgf/systemlayer/pgfsys.code.tex
Package: pgfsys 2014/07/09 v3.0.1a (rcs-revision 1.48)
 (d:/Programmi/texlive/2018/texmf-dist/tex/generic/pgf/utilities/pgfkeys.code.tex
\pgfkeys@pathtoks=\toks17
\pgfkeys@temptoks=\toks18
 (d:/Programmi/texlive/2018/texmf-dist/tex/generic/pgf/utilities/pgfkeysfiltered.code.tex
\pgfkeys@tmptoks=\toks19
))
\pgf@x=\dimen130
\pgf@y=\dimen131
\pgf@xa=\dimen132
\pgf@ya=\dimen133
\pgf@xb=\dimen134
\pgf@yb=\dimen135
\pgf@xc=\dimen136
\pgf@yc=\dimen137
\w@pgf@writea=\write3
\r@pgf@reada=\read1
\c@pgf@counta=\count108
\c@pgf@countb=\count109
\c@pgf@countc=\count110
\c@pgf@countd=\count111
\t@pgf@toka=\toks20
\t@pgf@tokb=\toks21
\t@pgf@tokc=\toks22
 (d:/Programmi/texlive/2018/texmf-dist/tex/generic/pgf/systemlayer/pgf.cfg
File: pgf.cfg 2008/05/14  (rcs-revision 1.7)
)
Driver file for pgf: pgfsys-pdftex.def
 (d:/Programmi/texlive/2018/texmf-dist/tex/generic/pgf/systemlayer/pgfsys-pdftex.def
File: pgfsys-pdftex.def 2014/10/11  (rcs-revision 1.35)
 (d:/Programmi/texlive/2018/texmf-dist/tex/generic/pgf/systemlayer/pgfsys-common-pdf.def
File: pgfsys-common-pdf.def 2013/10/10  (rcs-revision 1.13)
))) (d:/Programmi/texlive/2018/texmf-dist/tex/generic/pgf/systemlayer/pgfsyssoftpath.code.tex
File: pgfsyssoftpath.code.tex 2013/09/09  (rcs-revision 1.9)
\pgfsyssoftpath@smallbuffer@items=\count112
\pgfsyssoftpath@bigbuffer@items=\count113
) (d:/Programmi/texlive/2018/texmf-dist/tex/generic/pgf/systemlayer/pgfsysprotocol.code.tex
File: pgfsysprotocol.code.tex 2006/10/16  (rcs-revision 1.4)
)) (d:/Programmi/texlive/2018/texmf-dist/tex/latex/xcolor/xcolor.sty
Package: xcolor 2016/05/11 v2.12 LaTeX color extensions (UK)
 (d:/Programmi/texlive/2018/texmf-dist/tex/latex/graphics-cfg/color.cfg
File: color.cfg 2016/01/02 v1.6 sample color configuration
)
Package xcolor Info: Driver file: pdftex.def on input line 225.
Package xcolor Info: Model `cmy' substituted by `cmy0' on input line 1348.
Package xcolor Info: Model `hsb' substituted by `rgb' on input line 1352.
Package xcolor Info: Model `RGB' extended on input line 1364.
Package xcolor Info: Model `HTML' substituted by `rgb' on input line 1366.
Package xcolor Info: Model `Hsb' substituted by `hsb' on input line 1367.
Package xcolor Info: Model `tHsb' substituted by `hsb' on input line 1368.
Package xcolor Info: Model `HSB' substituted by `hsb' on input line 1369.
Package xcolor Info: Model `Gray' substituted by `gray' on input line 1370.
Package xcolor Info: Model `wave' substituted by `hsb' on input line 1371.
) (d:/Programmi/texlive/2018/texmf-dist/tex/generic/pgf/basiclayer/pgfcore.code.tex
Package: pgfcore 2010/04/11 v3.0.1a (rcs-revision 1.7)
 (d:/Programmi/texlive/2018/texmf-dist/tex/generic/pgf/math/pgfmath.code.tex (d:/Programmi/texlive/2018/texmf-dist/tex/generic/pgf/math/pgfmathcalc.code.tex (d:/Programmi/texlive/2018/texmf-dist/tex/generic/pgf/math/pgfmathutil.code.tex) (d:/Programmi/texlive/2018/texmf-dist/tex/generic/pgf/math/pgfmathparser.code.tex
\pgfmath@dimen=\dimen138
\pgfmath@count=\count114
\pgfmath@box=\box35
\pgfmath@toks=\toks23
\pgfmath@stack@operand=\toks24
\pgfmath@stack@operation=\toks25
) (d:/Programmi/texlive/2018/texmf-dist/tex/generic/pgf/math/pgfmathfunctions.code.tex (d:/Programmi/texlive/2018/texmf-dist/tex/generic/pgf/math/pgfmathfunctions.basic.code.tex) (d:/Programmi/texlive/2018/texmf-dist/tex/generic/pgf/math/pgfmathfunctions.trigonometric.code.tex) (d:/Programmi/texlive/2018/texmf-dist/tex/generic/pgf/math/pgfmathfunctions.random.code.tex) (d:/Programmi/texlive/2018/texmf-dist/tex/generic/pgf/math/pgfmathfunctions.comparison.code.tex) (d:/Programmi/texlive/2018/texmf-dist/tex/generic/pgf/math/pgfmathfunctions.base.code.tex) (d:/Programmi/texlive/2018/texmf-dist/tex/generic/pgf/math/pgfmathfunctions.round.code.tex) (d:/Programmi/texlive/2018/texmf-dist/tex/generic/pgf/math/pgfmathfunctions.misc.code.tex) (d:/Programmi/texlive/2018/texmf-dist/tex/generic/pgf/math/pgfmathfunctions.integerarithmetics.code.tex))) (d:/Programmi/texlive/2018/texmf-dist/tex/generic/pgf/math/pgfmathfloat.code.tex
\c@pgfmathroundto@lastzeros=\count115
)) (d:/Programmi/texlive/2018/texmf-dist/tex/generic/pgf/basiclayer/pgfcorepoints.code.tex
File: pgfcorepoints.code.tex 2013/10/07  (rcs-revision 1.27)
\pgf@picminx=\dimen139
\pgf@picmaxx=\dimen140
\pgf@picminy=\dimen141
\pgf@picmaxy=\dimen142
\pgf@pathminx=\dimen143
\pgf@pathmaxx=\dimen144
\pgf@pathminy=\dimen145
\pgf@pathmaxy=\dimen146
\pgf@xx=\dimen147
\pgf@xy=\dimen148
\pgf@yx=\dimen149
\pgf@yy=\dimen150
\pgf@zx=\dimen151
\pgf@zy=\dimen152
) (d:/Programmi/texlive/2018/texmf-dist/tex/generic/pgf/basiclayer/pgfcorepathconstruct.code.tex
File: pgfcorepathconstruct.code.tex 2013/10/07  (rcs-revision 1.29)
\pgf@path@lastx=\dimen153
\pgf@path@lasty=\dimen154
) (d:/Programmi/texlive/2018/texmf-dist/tex/generic/pgf/basiclayer/pgfcorepathusage.code.tex
File: pgfcorepathusage.code.tex 2014/11/02  (rcs-revision 1.24)
\pgf@shorten@end@additional=\dimen155
\pgf@shorten@start@additional=\dimen156
) (d:/Programmi/texlive/2018/texmf-dist/tex/generic/pgf/basiclayer/pgfcorescopes.code.tex
File: pgfcorescopes.code.tex 2015/05/08  (rcs-revision 1.46)
\pgfpic=\box36
\pgf@hbox=\box37
\pgf@layerbox@main=\box38
\pgf@picture@serial@count=\count116
) (d:/Programmi/texlive/2018/texmf-dist/tex/generic/pgf/basiclayer/pgfcoregraphicstate.code.tex
File: pgfcoregraphicstate.code.tex 2014/11/02  (rcs-revision 1.12)
\pgflinewidth=\dimen157
) (d:/Programmi/texlive/2018/texmf-dist/tex/generic/pgf/basiclayer/pgfcoretransformations.code.tex
File: pgfcoretransformations.code.tex 2015/08/07  (rcs-revision 1.20)
\pgf@pt@x=\dimen158
\pgf@pt@y=\dimen159
\pgf@pt@temp=\dimen160
) (d:/Programmi/texlive/2018/texmf-dist/tex/generic/pgf/basiclayer/pgfcorequick.code.tex
File: pgfcorequick.code.tex 2008/10/09  (rcs-revision 1.3)
) (d:/Programmi/texlive/2018/texmf-dist/tex/generic/pgf/basiclayer/pgfcoreobjects.code.tex
File: pgfcoreobjects.code.tex 2006/10/11  (rcs-revision 1.2)
) (d:/Programmi/texlive/2018/texmf-dist/tex/generic/pgf/basiclayer/pgfcorepathprocessing.code.tex
File: pgfcorepathprocessing.code.tex 2013/09/09  (rcs-revision 1.9)
) (d:/Programmi/texlive/2018/texmf-dist/tex/generic/pgf/basiclayer/pgfcorearrows.code.tex
File: pgfcorearrows.code.tex 2015/05/14  (rcs-revision 1.43)
\pgfarrowsep=\dimen161
) (d:/Programmi/texlive/2018/texmf-dist/tex/generic/pgf/basiclayer/pgfcoreshade.code.tex
File: pgfcoreshade.code.tex 2013/07/15  (rcs-revision 1.15)
\pgf@max=\dimen162
\pgf@sys@shading@range@num=\count117
) (d:/Programmi/texlive/2018/texmf-dist/tex/generic/pgf/basiclayer/pgfcoreimage.code.tex
File: pgfcoreimage.code.tex 2013/07/15  (rcs-revision 1.18)
 (d:/Programmi/texlive/2018/texmf-dist/tex/generic/pgf/basiclayer/pgfcoreexternal.code.tex
File: pgfcoreexternal.code.tex 2014/07/09  (rcs-revision 1.21)
\pgfexternal@startupbox=\box39
)) (d:/Programmi/texlive/2018/texmf-dist/tex/generic/pgf/basiclayer/pgfcorelayers.code.tex
File: pgfcorelayers.code.tex 2013/07/18  (rcs-revision 1.7)
) (d:/Programmi/texlive/2018/texmf-dist/tex/generic/pgf/basiclayer/pgfcoretransparency.code.tex
File: pgfcoretransparency.code.tex 2013/09/30  (rcs-revision 1.5)
) (d:/Programmi/texlive/2018/texmf-dist/tex/generic/pgf/basiclayer/pgfcorepatterns.code.tex
File: pgfcorepatterns.code.tex 2013/11/07  (rcs-revision 1.5)
))) (d:/Programmi/texlive/2018/texmf-dist/tex/latex/pgf/utilities/xxcolor.sty
Package: xxcolor 2003/10/24 ver 0.1
\XC@nummixins=\count118
\XC@countmixins=\count119
) (d:/Programmi/texlive/2018/texmf-dist/tex/generic/oberdiek/atbegshi.sty
Package: atbegshi 2016/06/09 v1.18 At begin shipout hook (HO)
 (d:/Programmi/texlive/2018/texmf-dist/tex/generic/oberdiek/infwarerr.sty
Package: infwarerr 2016/05/16 v1.4 Providing info/warning/error messages (HO)
) (d:/Programmi/texlive/2018/texmf-dist/tex/generic/oberdiek/ltxcmds.sty
Package: ltxcmds 2016/05/16 v1.23 LaTeX kernel commands for general use (HO)
)) (d:/Programmi/texlive/2018/texmf-dist/tex/latex/hyperref/hyperref.sty
Package: hyperref 2018/02/06 v6.86b Hypertext links for LaTeX
 (d:/Programmi/texlive/2018/texmf-dist/tex/generic/oberdiek/hobsub-hyperref.sty
Package: hobsub-hyperref 2016/05/16 v1.14 Bundle oberdiek, subset hyperref (HO)
 (d:/Programmi/texlive/2018/texmf-dist/tex/generic/oberdiek/hobsub-generic.sty
Package: hobsub-generic 2016/05/16 v1.14 Bundle oberdiek, subset generic (HO)
Package: hobsub 2016/05/16 v1.14 Construct package bundles (HO)
Package hobsub Info: Skipping package `infwarerr' (already loaded).
Package hobsub Info: Skipping package `ltxcmds' (already loaded).
Package: ifluatex 2016/05/16 v1.4 Provides the ifluatex switch (HO)
Package ifluatex Info: LuaTeX not detected.
Package hobsub Info: Skipping package `ifvtex' (already loaded).
Package: intcalc 2016/05/16 v1.2 Expandable calculations with integers (HO)
Package hobsub Info: Skipping package `ifpdf' (already loaded).
Package: etexcmds 2016/05/16 v1.6 Avoid name clashes with e-TeX commands (HO)
Package etexcmds Info: Could not find \expanded.
(etexcmds)             That can mean that you are not using pdfTeX 1.50 or
(etexcmds)             that some package has redefined \expanded.
(etexcmds)             In the latter case, load this package earlier.
Package: kvsetkeys 2016/05/16 v1.17 Key value parser (HO)
Package: kvdefinekeys 2016/05/16 v1.4 Define keys (HO)
Package: pdftexcmds 2018/01/30 v0.27 Utility functions of pdfTeX for LuaTeX (HO)
Package pdftexcmds Info: LuaTeX not detected.
Package pdftexcmds Info: \pdf@primitive is available.
Package pdftexcmds Info: \pdf@ifprimitive is available.
Package pdftexcmds Info: \pdfdraftmode found.
Package: pdfescape 2016/05/16 v1.14 Implements pdfTeX's escape features (HO)
Package: bigintcalc 2016/05/16 v1.4 Expandable calculations on big integers (HO)
Package: bitset 2016/05/16 v1.2 Handle bit-vector datatype (HO)
Package: uniquecounter 2016/05/16 v1.3 Provide unlimited unique counter (HO)
)
Package hobsub Info: Skipping package `hobsub' (already loaded).
Package: letltxmacro 2016/05/16 v1.5 Let assignment for LaTeX macros (HO)
Package: hopatch 2016/05/16 v1.3 Wrapper for package hooks (HO)
Package: xcolor-patch 2016/05/16 xcolor patch
Package: atveryend 2016/05/16 v1.9 Hooks at the very end of document (HO)
Package hobsub Info: Skipping package `atbegshi' (already loaded).
Package: refcount 2016/05/16 v3.5 Data extraction from label references (HO)
Package: hycolor 2016/05/16 v1.8 Color options for hyperref/bookmark (HO)
) (d:/Programmi/texlive/2018/texmf-dist/tex/latex/oberdiek/auxhook.sty
Package: auxhook 2016/05/16 v1.4 Hooks for auxiliary files (HO)
) (d:/Programmi/texlive/2018/texmf-dist/tex/latex/oberdiek/kvoptions.sty
Package: kvoptions 2016/05/16 v3.12 Key value format for package options (HO)
)
\@linkdim=\dimen163
\Hy@linkcounter=\count120
\Hy@pagecounter=\count121
 (d:/Programmi/texlive/2018/texmf-dist/tex/latex/hyperref/pd1enc.def
File: pd1enc.def 2018/02/06 v6.86b Hyperref: PDFDocEncoding definition (HO)
Now handling font encoding PD1 ...
... no UTF-8 mapping file for font encoding PD1
)
\Hy@SavedSpaceFactor=\count122
 (d:/Programmi/texlive/2018/texmf-dist/tex/latex/latexconfig/hyperref.cfg
File: hyperref.cfg 2002/06/06 v1.2 hyperref configuration of TeXLive
)
Package hyperref Info: Option `bookmarks' set `true' on input line 4383.
Package hyperref Info: Option `bookmarksopen' set `true' on input line 4383.
Package hyperref Info: Option `implicit' set `false' on input line 4383.
Package hyperref Info: Hyper figures OFF on input line 4509.
Package hyperref Info: Link nesting OFF on input line 4514.
Package hyperref Info: Hyper index ON on input line 4517.
Package hyperref Info: Plain pages OFF on input line 4524.
Package hyperref Info: Backreferencing OFF on input line 4529.
Package hyperref Info: Implicit mode OFF; no redefinition of LaTeX internals.
Package hyperref Info: Bookmarks ON on input line 4762.
\c@Hy@tempcnt=\count123
 (d:/Programmi/texlive/2018/texmf-dist/tex/latex/url/url.sty
\Urlmuskip=\muskip10
Package: url 2013/09/16  ver 3.4  Verb mode for urls, etc.
)
LaTeX Info: Redefining \url on input line 5115.
\XeTeXLinkMargin=\dimen164
\Fld@menulength=\count124
\Field@Width=\dimen165
\Fld@charsize=\dimen166
Package hyperref Info: Hyper figures OFF on input line 6369.
Package hyperref Info: Link nesting OFF on input line 6374.
Package hyperref Info: Hyper index ON on input line 6377.
Package hyperref Info: backreferencing OFF on input line 6384.
Package hyperref Info: Link coloring OFF on input line 6389.
Package hyperref Info: Link coloring with OCG OFF on input line 6394.
Package hyperref Info: PDF/A mode OFF on input line 6399.
LaTeX Info: Redefining \ref on input line 6439.
LaTeX Info: Redefining \pageref on input line 6443.
\Hy@abspage=\count125


Package hyperref Message: Stopped early.

)
Package hyperref Info: Driver (autodetected): hpdftex.
 (d:/Programmi/texlive/2018/texmf-dist/tex/latex/hyperref/hpdftex.def
File: hpdftex.def 2018/02/06 v6.86b Hyperref driver for pdfTeX
\Fld@listcount=\count126
\c@bookmark@seq@number=\count127
 (d:/Programmi/texlive/2018/texmf-dist/tex/latex/oberdiek/rerunfilecheck.sty
Package: rerunfilecheck 2016/05/16 v1.8 Rerun checks for auxiliary files (HO)
Package uniquecounter Info: New unique counter `rerunfilecheck' on input line 282.
)) (d:/Programmi/texlive/2018/texmf-dist/tex/latex/beamer/beamerbaserequires.sty (d:/Programmi/texlive/2018/texmf-dist/tex/latex/beamer/beamerbasecompatibility.sty) (d:/Programmi/texlive/2018/texmf-dist/tex/latex/beamer/beamerbasefont.sty (d:/Programmi/texlive/2018/texmf-dist/tex/latex/amsfonts/amssymb.sty
Package: amssymb 2013/01/14 v3.01 AMS font symbols
 (d:/Programmi/texlive/2018/texmf-dist/tex/latex/amsfonts/amsfonts.sty
Package: amsfonts 2013/01/14 v3.01 Basic AMSFonts support
\@emptytoks=\toks26
\symAMSa=\mathgroup4
\symAMSb=\mathgroup5
LaTeX Font Info:    Overwriting math alphabet `\mathfrak' in version `bold'
(Font)                  U/euf/m/n --> U/euf/b/n on input line 106.
)) (d:/Programmi/texlive/2018/texmf-dist/tex/latex/sansmathaccent/sansmathaccent.sty
Package: sansmathaccent 2013/03/28
 (d:/Programmi/texlive/2018/texmf-dist/tex/latex/filehook/filehook.sty
Package: filehook 2011/10/12 v0.5d Hooks for input files
))) (d:/Programmi/texlive/2018/texmf-dist/tex/latex/beamer/beamerbasetranslator.sty (d:/Programmi/texlive/2018/texmf-dist/tex/latex/translator/translator.sty
Package: translator 2018/01/04 v1.12 Easy translation of strings in LaTeX
)) (d:/Programmi/texlive/2018/texmf-dist/tex/latex/beamer/beamerbasemisc.sty) (d:/Programmi/texlive/2018/texmf-dist/tex/latex/beamer/beamerbasetwoscreens.sty) (d:/Programmi/texlive/2018/texmf-dist/tex/latex/beamer/beamerbaseoverlay.sty
\beamer@argscount=\count128
\beamer@lastskipcover=\skip44
\beamer@trivlistdepth=\count129
) (d:/Programmi/texlive/2018/texmf-dist/tex/latex/beamer/beamerbasetitle.sty) (d:/Programmi/texlive/2018/texmf-dist/tex/latex/beamer/beamerbasesection.sty
\c@lecture=\count130
\c@part=\count131
\c@section=\count132
\c@subsection=\count133
\c@subsubsection=\count134
) (d:/Programmi/texlive/2018/texmf-dist/tex/latex/beamer/beamerbaseframe.sty
\beamer@framebox=\box40
\beamer@frametitlebox=\box41
\beamer@zoombox=\box42
\beamer@zoomcount=\count135
\beamer@zoomframecount=\count136
\beamer@frametextheight=\dimen167
\c@subsectionslide=\count137
\beamer@frametopskip=\skip45
\beamer@framebottomskip=\skip46
\beamer@frametopskipautobreak=\skip47
\beamer@framebottomskipautobreak=\skip48
\beamer@envbody=\toks27
\framewidth=\dimen168
\c@framenumber=\count138
) (d:/Programmi/texlive/2018/texmf-dist/tex/latex/beamer/beamerbaseverbatim.sty
\beamer@verbatimfileout=\write4
) (d:/Programmi/texlive/2018/texmf-dist/tex/latex/beamer/beamerbaseframesize.sty
\beamer@splitbox=\box43
\beamer@autobreakcount=\count139
\beamer@autobreaklastheight=\dimen169
\beamer@frametitletoks=\toks28
\beamer@framesubtitletoks=\toks29
) (d:/Programmi/texlive/2018/texmf-dist/tex/latex/beamer/beamerbaseframecomponents.sty
\beamer@footins=\box44
) (d:/Programmi/texlive/2018/texmf-dist/tex/latex/beamer/beamerbasecolor.sty
\beamer@bg@ht=\dimen170
\beamer@bg@wd=\dimen171
\beamer@bg@dp=\dimen172
) (d:/Programmi/texlive/2018/texmf-dist/tex/latex/beamer/beamerbasenotes.sty
\beamer@frameboxcopy=\box45
) (d:/Programmi/texlive/2018/texmf-dist/tex/latex/beamer/beamerbasetoc.sty) (d:/Programmi/texlive/2018/texmf-dist/tex/latex/beamer/beamerbasetemplates.sty
\beamer@sbttoks=\toks30
 (d:/Programmi/texlive/2018/texmf-dist/tex/latex/beamer/beamerbaseauxtemplates.sty (d:/Programmi/texlive/2018/texmf-dist/tex/latex/beamer/beamerbaseboxes.sty
\bmb@box=\box46
\bmb@colorbox=\box47
\bmb@boxshadow=\box48
\bmb@boxshadowball=\box49
\bmb@boxshadowballlarge=\box50
\bmb@temp=\dimen173
\bmb@dima=\dimen174
\bmb@dimb=\dimen175
\bmb@prevheight=\dimen176
)
\beamer@blockheadheight=\dimen177
)) (d:/Programmi/texlive/2018/texmf-dist/tex/latex/beamer/beamerbaselocalstructure.sty (d:/Programmi/texlive/2018/texmf-dist/tex/latex/tools/enumerate.sty
Package: enumerate 2015/07/23 v3.00 enumerate extensions (DPC)
\@enLab=\toks31
)
\c@figure=\count140
\c@table=\count141
\abovecaptionskip=\skip49
\belowcaptionskip=\skip50
) (d:/Programmi/texlive/2018/texmf-dist/tex/latex/beamer/beamerbasenavigation.sty
\beamer@section@min@dim=\dimen178
) (d:/Programmi/texlive/2018/texmf-dist/tex/latex/beamer/beamerbasetheorems.sty (d:/Programmi/texlive/2018/texmf-dist/tex/latex/amsmath/amsmath.sty
Package: amsmath 2017/09/02 v2.17a AMS math features
\@mathmargin=\skip51

For additional information on amsmath, use the `?' option.
(d:/Programmi/texlive/2018/texmf-dist/tex/latex/amsmath/amstext.sty
Package: amstext 2000/06/29 v2.01 AMS text
 (d:/Programmi/texlive/2018/texmf-dist/tex/latex/amsmath/amsgen.sty
File: amsgen.sty 1999/11/30 v2.0 generic functions
\@emptytoks=\toks32
\ex@=\dimen179
)) (d:/Programmi/texlive/2018/texmf-dist/tex/latex/amsmath/amsbsy.sty
Package: amsbsy 1999/11/29 v1.2d Bold Symbols
\pmbraise@=\dimen180
) (d:/Programmi/texlive/2018/texmf-dist/tex/latex/amsmath/amsopn.sty
Package: amsopn 2016/03/08 v2.02 operator names
)
\inf@bad=\count142
LaTeX Info: Redefining \frac on input line 213.
\uproot@=\count143
\leftroot@=\count144
LaTeX Info: Redefining \overline on input line 375.
\classnum@=\count145
\DOTSCASE@=\count146
LaTeX Info: Redefining \ldots on input line 472.
LaTeX Info: Redefining \dots on input line 475.
LaTeX Info: Redefining \cdots on input line 596.
\Mathstrutbox@=\box51
\strutbox@=\box52
\big@size=\dimen181
LaTeX Font Info:    Redeclaring font encoding OML on input line 712.
LaTeX Font Info:    Redeclaring font encoding OMS on input line 713.
\macc@depth=\count147
\c@MaxMatrixCols=\count148
\dotsspace@=\muskip11
\c@parentequation=\count149
\dspbrk@lvl=\count150
\tag@help=\toks33
\row@=\count151
\column@=\count152
\maxfields@=\count153
\andhelp@=\toks34
\eqnshift@=\dimen182
\alignsep@=\dimen183
\tagshift@=\dimen184
\tagwidth@=\dimen185
\totwidth@=\dimen186
\lineht@=\dimen187
\@envbody=\toks35
\multlinegap=\skip52
\multlinetaggap=\skip53
\mathdisplay@stack=\toks36
LaTeX Info: Redefining \[ on input line 2817.
LaTeX Info: Redefining \] on input line 2818.
) (d:/Programmi/texlive/2018/texmf-dist/tex/latex/amscls/amsthm.sty
Package: amsthm 2017/10/31 v2.20.4
\thm@style=\toks37
\thm@bodyfont=\toks38
\thm@headfont=\toks39
\thm@notefont=\toks40
\thm@headpunct=\toks41
\thm@preskip=\skip54
\thm@postskip=\skip55
\thm@headsep=\skip56
\dth@everypar=\toks42
)
\c@theorem=\count154
) (d:/Programmi/texlive/2018/texmf-dist/tex/latex/beamer/beamerbasethemes.sty)) (d:/Programmi/texlive/2018/texmf-dist/tex/latex/beamer/beamerthemedefault.sty (d:/Programmi/texlive/2018/texmf-dist/tex/latex/beamer/beamerfontthemedefault.sty) (d:/Programmi/texlive/2018/texmf-dist/tex/latex/beamer/beamercolorthemedefault.sty) (d:/Programmi/texlive/2018/texmf-dist/tex/latex/beamer/beamerinnerthemedefault.sty
\beamer@dima=\dimen188
\beamer@dimb=\dimen189
) (d:/Programmi/texlive/2018/texmf-dist/tex/latex/beamer/beamerouterthemedefault.sty))) (c:/Users/Utente/texmf/tex/latex/Padova/beamerthemePadova.sty (d:/Programmi/texlive/2018/texmf-dist/tex/latex/base/ifthen.sty
Package: ifthen 2014/09/29 v1.1c Standard LaTeX ifthen package (DPC)
) (d:/Programmi/texlive/2018/texmf-dist/tex/latex/beamer/beamerinnerthemerectangles.sty) (c:/Users/Utente/texmf/tex/latex/Padova/beamerouterthemePadova.sty) (c:/Users/Utente/texmf/tex/latex/Padova/beamercolorthemePadova.sty) (c:/Users/Utente/texmf/tex/latex/Padova/beamerfontthemePadova.sty)) (d:/GitHub/PredictiveLearning_applied_to_MuonChamberMonitoring/SLIDES_THESIS/Inputs/inputs.tex (d:/Programmi/texlive/2018/texmf-dist/tex/generic/babel/babel.sty
Package: babel 2018/02/14 3.18 The Babel package
 (d:/Programmi/texlive/2018/texmf-dist/tex/generic/babel/switch.def
File: switch.def 2018/02/14 3.18 Babel switching mechanism
) (d:/Programmi/texlive/2018/texmf-dist/tex/generic/babel-english/english.ldf
Language: english 2017/06/06 v3.3r English support from the babel system
 (d:/Programmi/texlive/2018/texmf-dist/tex/generic/babel/babel.def
File: babel.def 2018/02/14 3.18 Babel common definitions
\babel@savecnt=\count155
\U@D=\dimen190
 (d:/Programmi/texlive/2018/texmf-dist/tex/generic/babel/txtbabel.def)
LaTeX Info: Redefining \textlatin on input line 1839.
\bbl@dirlevel=\count156
)
\l@canadian = a dialect from \language\l@american 
\l@australian = a dialect from \language\l@british 
\l@newzealand = a dialect from \language\l@british 
)) (d:/Programmi/texlive/2018/texmf-dist/tex/latex/base/inputenc.sty
Package: inputenc 2018/04/06 v1.3b Input encoding file
\inpenc@prehook=\toks43
\inpenc@posthook=\toks44
 (d:/Programmi/texlive/2018/texmf-dist/tex/latex/ucs/utf8x.def
File: utf8x.def 2004/10/17 UCS: Input encoding UTF-8
)) (d:/Programmi/texlive/2018/texmf-dist/tex/latex/ucs/ucs.sty
Package: ucs 2013/05/11 v2.2 UCS: Unicode input support
 (d:/Programmi/texlive/2018/texmf-dist/tex/latex/ucs/data/uni-global.def
File: uni-global.def 2013/05/13 UCS: Unicode global data
)
\uc@secondtry=\count157
\uc@combtoks=\toks45
\uc@combtoksb=\toks46
\uc@temptokena=\toks47
) (d:/Programmi/texlive/2018/texmf-dist/tex/latex/base/fontenc.sty
Package: fontenc 2017/04/05 v2.0i Standard LaTeX package
 (d:/Programmi/texlive/2018/texmf-dist/tex/latex/base/t1enc.def
File: t1enc.def 2017/04/05 v2.0i Standard LaTeX file
LaTeX Font Info:    Redeclaring font encoding T1 on input line 48.
)) (d:/Programmi/texlive/2018/texmf-dist/tex/latex/amsfonts/eucal.sty
Package: eucal 2009/06/22 v3.00 Euler Script fonts
LaTeX Font Info:    Overwriting math alphabet `\EuScript' in version `bold'
(Font)                  U/eus/m/n --> U/eus/b/n on input line 33.
) (d:/Programmi/texlive/2018/texmf-dist/tex/latex/base/textcomp.sty
Package: textcomp 2017/04/05 v2.0i Standard LaTeX package
Package textcomp Info: Sub-encoding information:
(textcomp)               5 = only ISO-Adobe without \textcurrency
(textcomp)               4 = 5 + \texteuro
(textcomp)               3 = 4 + \textohm
(textcomp)               2 = 3 + \textestimated + \textcurrency
(textcomp)               1 = TS1 - \textcircled - \t
(textcomp)               0 = TS1 (full)
(textcomp)             Font families with sub-encoding setting implement
(textcomp)             only a restricted character set as indicated.
(textcomp)             Family '?' is the default used for unknown fonts.
(textcomp)             See the documentation for details.
Package textcomp Info: Setting ? sub-encoding to TS1/1 on input line 79.
 (d:/Programmi/texlive/2018/texmf-dist/tex/latex/base/ts1enc.def
File: ts1enc.def 2001/06/05 v3.0e (jk/car/fm) Standard LaTeX file
)
LaTeX Info: Redefining \oldstylenums on input line 334.
Package textcomp Info: Setting cmr sub-encoding to TS1/0 on input line 349.
Package textcomp Info: Setting cmss sub-encoding to TS1/0 on input line 350.
Package textcomp Info: Setting cmtt sub-encoding to TS1/0 on input line 351.
Package textcomp Info: Setting cmvtt sub-encoding to TS1/0 on input line 352.
Package textcomp Info: Setting cmbr sub-encoding to TS1/0 on input line 353.
Package textcomp Info: Setting cmtl sub-encoding to TS1/0 on input line 354.
Package textcomp Info: Setting ccr sub-encoding to TS1/0 on input line 355.
Package textcomp Info: Setting ptm sub-encoding to TS1/4 on input line 356.
Package textcomp Info: Setting pcr sub-encoding to TS1/4 on input line 357.
Package textcomp Info: Setting phv sub-encoding to TS1/4 on input line 358.
Package textcomp Info: Setting ppl sub-encoding to TS1/3 on input line 359.
Package textcomp Info: Setting pag sub-encoding to TS1/4 on input line 360.
Package textcomp Info: Setting pbk sub-encoding to TS1/4 on input line 361.
Package textcomp Info: Setting pnc sub-encoding to TS1/4 on input line 362.
Package textcomp Info: Setting pzc sub-encoding to TS1/4 on input line 363.
Package textcomp Info: Setting bch sub-encoding to TS1/4 on input line 364.
Package textcomp Info: Setting put sub-encoding to TS1/5 on input line 365.
Package textcomp Info: Setting uag sub-encoding to TS1/5 on input line 366.
Package textcomp Info: Setting ugq sub-encoding to TS1/5 on input line 367.
Package textcomp Info: Setting ul8 sub-encoding to TS1/4 on input line 368.
Package textcomp Info: Setting ul9 sub-encoding to TS1/4 on input line 369.
Package textcomp Info: Setting augie sub-encoding to TS1/5 on input line 370.
Package textcomp Info: Setting dayrom sub-encoding to TS1/3 on input line 371.
Package textcomp Info: Setting dayroms sub-encoding to TS1/3 on input line 372.
Package textcomp Info: Setting pxr sub-encoding to TS1/0 on input line 373.
Package textcomp Info: Setting pxss sub-encoding to TS1/0 on input line 374.
Package textcomp Info: Setting pxtt sub-encoding to TS1/0 on input line 375.
Package textcomp Info: Setting txr sub-encoding to TS1/0 on input line 376.
Package textcomp Info: Setting txss sub-encoding to TS1/0 on input line 377.
Package textcomp Info: Setting txtt sub-encoding to TS1/0 on input line 378.
Package textcomp Info: Setting lmr sub-encoding to TS1/0 on input line 379.
Package textcomp Info: Setting lmdh sub-encoding to TS1/0 on input line 380.
Package textcomp Info: Setting lmss sub-encoding to TS1/0 on input line 381.
Package textcomp Info: Setting lmssq sub-encoding to TS1/0 on input line 382.
Package textcomp Info: Setting lmvtt sub-encoding to TS1/0 on input line 383.
Package textcomp Info: Setting lmtt sub-encoding to TS1/0 on input line 384.
Package textcomp Info: Setting qhv sub-encoding to TS1/0 on input line 385.
Package textcomp Info: Setting qag sub-encoding to TS1/0 on input line 386.
Package textcomp Info: Setting qbk sub-encoding to TS1/0 on input line 387.
Package textcomp Info: Setting qcr sub-encoding to TS1/0 on input line 388.
Package textcomp Info: Setting qcs sub-encoding to TS1/0 on input line 389.
Package textcomp Info: Setting qpl sub-encoding to TS1/0 on input line 390.
Package textcomp Info: Setting qtm sub-encoding to TS1/0 on input line 391.
Package textcomp Info: Setting qzc sub-encoding to TS1/0 on input line 392.
Package textcomp Info: Setting qhvc sub-encoding to TS1/0 on input line 393.
Package textcomp Info: Setting futs sub-encoding to TS1/4 on input line 394.
Package textcomp Info: Setting futx sub-encoding to TS1/4 on input line 395.
Package textcomp Info: Setting futj sub-encoding to TS1/4 on input line 396.
Package textcomp Info: Setting hlh sub-encoding to TS1/3 on input line 397.
Package textcomp Info: Setting hls sub-encoding to TS1/3 on input line 398.
Package textcomp Info: Setting hlst sub-encoding to TS1/3 on input line 399.
Package textcomp Info: Setting hlct sub-encoding to TS1/5 on input line 400.
Package textcomp Info: Setting hlx sub-encoding to TS1/5 on input line 401.
Package textcomp Info: Setting hlce sub-encoding to TS1/5 on input line 402.
Package textcomp Info: Setting hlcn sub-encoding to TS1/5 on input line 403.
Package textcomp Info: Setting hlcw sub-encoding to TS1/5 on input line 404.
Package textcomp Info: Setting hlcf sub-encoding to TS1/5 on input line 405.
Package textcomp Info: Setting pplx sub-encoding to TS1/3 on input line 406.
Package textcomp Info: Setting pplj sub-encoding to TS1/3 on input line 407.
Package textcomp Info: Setting ptmx sub-encoding to TS1/4 on input line 408.
Package textcomp Info: Setting ptmj sub-encoding to TS1/4 on input line 409.
) (d:/Programmi/texlive/2018/texmf-dist/tex/latex/mathtools/mathtools.sty
Package: mathtools 2018/01/08 v1.21 mathematical typesetting tools
 (d:/Programmi/texlive/2018/texmf-dist/tex/latex/tools/calc.sty
Package: calc 2017/05/25 v4.3 Infix arithmetic (KKT,FJ)
\calc@Acount=\count158
\calc@Bcount=\count159
\calc@Adimen=\dimen191
\calc@Bdimen=\dimen192
\calc@Askip=\skip57
\calc@Bskip=\skip58
LaTeX Info: Redefining \setlength on input line 80.
LaTeX Info: Redefining \addtolength on input line 81.
\calc@Ccount=\count160
\calc@Cskip=\skip59
) (d:/Programmi/texlive/2018/texmf-dist/tex/latex/mathtools/mhsetup.sty
Package: mhsetup 2017/03/31 v1.3 programming setup (MH)
)
LaTeX Info: Thecontrolsequence`\('isalreadyrobust on input line 129.
LaTeX Info: Thecontrolsequence`\)'isalreadyrobust on input line 129.
LaTeX Info: Thecontrolsequence`\['isalreadyrobust on input line 129.
LaTeX Info: Thecontrolsequence`\]'isalreadyrobust on input line 129.
\g_MT_multlinerow_int=\count161
\l_MT_multwidth_dim=\dimen193
\origjot=\skip60
\l_MT_shortvdotswithinadjustabove_dim=\dimen194
\l_MT_shortvdotswithinadjustbelow_dim=\dimen195
\l_MT_above_intertext_sep=\dimen196
\l_MT_below_intertext_sep=\dimen197
\l_MT_above_shortintertext_sep=\dimen198
\l_MT_below_shortintertext_sep=\dimen199
) (d:/Programmi/texlive/2018/texmf-dist/tex/latex/siunitx/siunitx.sty (d:/Programmi/texlive/2018/texmf-dist/tex/latex/l3kernel/expl3.sty
Package: expl3 2018/03/05 L3 programming layer (loader) 
 (d:/Programmi/texlive/2018/texmf-dist/tex/latex/l3kernel/expl3-code.tex
Package: expl3 2018/03/05 L3 programming layer (code)
\c_max_int=\count162
\l_tmpa_int=\count163
\l_tmpb_int=\count164
\g_tmpa_int=\count165
\g_tmpb_int=\count166
\g__intarray_font_int=\count167
\g__prg_map_int=\count168
\c_log_iow=\count169
\l_iow_line_count_int=\count170
\l__iow_line_target_int=\count171
\l__iow_one_indent_int=\count172
\l__iow_indent_int=\count173
\c_zero_dim=\dimen256
\c_max_dim=\dimen257
\l_tmpa_dim=\dimen258
\l_tmpb_dim=\dimen259
\g_tmpa_dim=\dimen260
\g_tmpb_dim=\dimen261
\c_zero_skip=\skip61
\c_max_skip=\skip62
\l_tmpa_skip=\skip63
\l_tmpb_skip=\skip64
\g_tmpa_skip=\skip65
\g_tmpb_skip=\skip66
\c_zero_muskip=\muskip12
\c_max_muskip=\muskip13
\l_tmpa_muskip=\muskip14
\l_tmpb_muskip=\muskip15
\g_tmpa_muskip=\muskip16
\g_tmpb_muskip=\muskip17
\l_keys_choice_int=\count174
\c__fp_leading_shift_int=\count175
\c__fp_middle_shift_int=\count176
\c__fp_trailing_shift_int=\count177
\c__fp_big_leading_shift_int=\count178
\c__fp_big_middle_shift_int=\count179
\c__fp_big_trailing_shift_int=\count180
\c__fp_Bigg_leading_shift_int=\count181
\c__fp_Bigg_middle_shift_int=\count182
\c__fp_Bigg_trailing_shift_int=\count183
\c__fp_rand_size_int=\count184
\c__fp_rand_four_int=\count185
\c__fp_rand_eight_int=\count186
\l__sort_length_int=\count187
\l__sort_min_int=\count188
\l__sort_top_int=\count189
\l__sort_max_int=\count190
\l__sort_true_max_int=\count191
\l__sort_block_int=\count192
\l__sort_begin_int=\count193
\l__sort_end_int=\count194
\l__sort_A_int=\count195
\l__sort_B_int=\count196
\l__sort_C_int=\count197
\l__tl_build_start_index_int=\count198
\l__tl_build_index_int=\count199
\l__tl_analysis_normal_int=\count266
\l__tl_analysis_index_int=\count267
\l__tl_analysis_nesting_int=\count268
\l__tl_analysis_type_int=\count269
\l__regex_internal_a_int=\count270
\l__regex_internal_b_int=\count271
\l__regex_internal_c_int=\count272
\l__regex_balance_int=\count273
\l__regex_group_level_int=\count274
\l__regex_mode_int=\count275
\c__regex_cs_in_class_mode_int=\count276
\c__regex_cs_mode_int=\count277
\l__regex_catcodes_int=\count278
\l__regex_default_catcodes_int=\count279
\c__regex_catcode_D_int=\count280
\c__regex_catcode_S_int=\count281
\c__regex_catcode_L_int=\count282
\c__regex_catcode_O_int=\count283
\c__regex_catcode_A_int=\count284
\c__regex_all_catcodes_int=\count285
\l__regex_show_lines_int=\count286
\l__regex_min_state_int=\count287
\l__regex_max_state_int=\count288
\l__regex_left_state_int=\count289
\l__regex_right_state_int=\count290
\l__regex_capturing_group_int=\count291
\l__regex_min_pos_int=\count292
\l__regex_max_pos_int=\count293
\l__regex_curr_pos_int=\count294
\l__regex_start_pos_int=\count295
\l__regex_success_pos_int=\count296
\l__regex_curr_char_int=\count297
\l__regex_curr_catcode_int=\count298
\l__regex_last_char_int=\count299
\l__regex_case_changed_char_int=\count300
\l__regex_curr_state_int=\count301
\l__regex_step_int=\count302
\l__regex_min_active_int=\count303
\l__regex_max_active_int=\count304
\l__regex_replacement_csnames_int=\count305
\l__regex_match_count_int=\count306
\l__regex_min_submatch_int=\count307
\l__regex_submatch_int=\count308
\l__regex_zeroth_submatch_int=\count309
\g__regex_trace_regex_int=\count310
\c_empty_box=\box53
\l_tmpa_box=\box54
\l_tmpb_box=\box55
\g_tmpa_box=\box56
\g_tmpb_box=\box57
\l__box_top_dim=\dimen262
\l__box_bottom_dim=\dimen263
\l__box_left_dim=\dimen264
\l__box_right_dim=\dimen265
\l__box_top_new_dim=\dimen266
\l__box_bottom_new_dim=\dimen267
\l__box_left_new_dim=\dimen268
\l__box_right_new_dim=\dimen269
\l__box_internal_box=\box58
\l__coffin_internal_box=\box59
\l__coffin_internal_dim=\dimen270
\l__coffin_offset_x_dim=\dimen271
\l__coffin_offset_y_dim=\dimen272
\l__coffin_x_dim=\dimen273
\l__coffin_y_dim=\dimen274
\l__coffin_x_prime_dim=\dimen275
\l__coffin_y_prime_dim=\dimen276
\c_empty_coffin=\box60
\l__coffin_aligned_coffin=\box61
\l__coffin_aligned_internal_coffin=\box62
\l_tmpa_coffin=\box63
\l_tmpb_coffin=\box64
\l__coffin_display_coffin=\box65
\l__coffin_display_coord_coffin=\box66
\l__coffin_display_pole_coffin=\box67
\l__coffin_display_offset_dim=\dimen277
\l__coffin_display_x_dim=\dimen278
\l__coffin_display_y_dim=\dimen279
\l__coffin_bounding_shift_dim=\dimen280
\l__coffin_left_corner_dim=\dimen281
\l__coffin_right_corner_dim=\dimen282
\l__coffin_bottom_corner_dim=\dimen283
\l__coffin_top_corner_dim=\dimen284
\l__coffin_scaled_total_height_dim=\dimen285
\l__coffin_scaled_width_dim=\dimen286
) (d:/Programmi/texlive/2018/texmf-dist/tex/latex/l3kernel/l3pdfmode.def
File: l3pdfmode.def 2017/03/18 v L3 Experimental driver: PDF mode
\l__driver_color_stack_int=\count311
)) (d:/Programmi/texlive/2018/texmf-dist/tex/latex/l3packages/xparse/xparse.sty
Package: xparse 2018/02/21 L3 Experimental document command parser
\l__xparse_current_arg_int=\count312
\g__xparse_grabber_int=\count313
\l__xparse_m_args_int=\count314
\l__xparse_mandatory_args_int=\count315
\l__xparse_v_nesting_int=\count316
)
Package: siunitx 2018-03-20 v2.7m A comprehensive (SI) units package
 (d:/Programmi/texlive/2018/texmf-dist/tex/latex/tools/array.sty
Package: array 2018/04/07 v2.4g Tabular extension package (FMi)
\col@sep=\dimen287
\ar@mcellbox=\box68
\extrarowheight=\dimen288
\NC@list=\toks48
\extratabsurround=\skip67
\backup@length=\skip68
\ar@cellbox=\box69
) (d:/Programmi/texlive/2018/texmf-dist/tex/latex/l3packages/l3keys2e/l3keys2e.sty
Package: l3keys2e 2018/02/21 LaTeX2e option processing using LaTeX3 keys
)
\l__siunitx_tmp_box=\box70
\l__siunitx_tmp_dim=\dimen289
\l__siunitx_tmp_int=\count317
\l__siunitx_number_mantissa_length_int=\count318
\l__siunitx_number_uncert_length_int=\count319
\l__siunitx_round_int=\count320
\l__siunitx_process_decimal_int=\count321
\l__siunitx_process_uncertainty_int=\count322
\l__siunitx_process_fixed_int=\count323
\l__siunitx_process_integer_min_int=\count324
\l__siunitx_process_precision_int=\count325
\l__siunitx_group_min_int=\count326
\l__siunitx_angle_marker_box=\box71
\l__siunitx_angle_unit_box=\box72
\l__siunitx_angle_marker_dim=\dimen290
\l__siunitx_angle_unit_dim=\dimen291
\l__siunitx_unit_int=\count327
\l__siunitx_unit_denominator_int=\count328
\l__siunitx_unit_numerator_int=\count329
\l__siunitx_unit_prefix_int=\count330
\l__siunitx_unit_prefix_base_int=\count331
\l__siunitx_unit_prefix_gram_int=\count332
\l__siunitx_number_product_int=\count333
\c__siunitx_one_fill_skip=\skip69
\l__siunitx_table_unit_align_skip=\skip70
\l__siunitx_table_exponent_dim=\dimen292
\l__siunitx_table_integer_dim=\dimen293
\l__siunitx_table_mantissa_dim=\dimen294
\l__siunitx_table_marker_dim=\dimen295
\l__siunitx_table_result_dim=\dimen296
\l__siunitx_table_uncert_dim=\dimen297
\l__siunitx_table_fill_pre_dim=\dimen298
\l__siunitx_table_fill_post_dim=\dimen299
\l__siunitx_table_fill_mid_dim=\dimen300
\l__siunitx_table_pre_box=\box73
\l__siunitx_table_post_box=\box74
\l__siunitx_table_mantissa_box=\box75
\l__siunitx_table_result_box=\box76
\l__siunitx_table_number_align_skip=\skip71
\l__siunitx_table_text_align_skip=\skip72
.................................................
. LaTeX info: "xparse/define-command"
. 
. Defining command \DeclareBinaryPrefix with sig. 'mmm' on line 7244.
.................................................
.................................................
. LaTeX info: "xparse/define-command"
. 
. Defining command \DeclareSIPostPower with sig. 'mm' on line 7247.
.................................................
.................................................
. LaTeX info: "xparse/define-command"
. 
. Defining command \DeclareSIPrefix with sig. 'mmm' on line 7250.
.................................................
.................................................
. LaTeX info: "xparse/define-command"
. 
. Defining command \DeclareSIPrePower with sig. 'mm' on line 7253.
.................................................
.................................................
. LaTeX info: "xparse/define-command"
. 
. Defining command \DeclareSIQualifier with sig. 'mm' on line 7256.
.................................................
.................................................
. LaTeX info: "xparse/define-command"
. 
. Defining command \DeclareSIUnit with sig. 'O{}mm' on line 7259.
.................................................
.................................................
. LaTeX info: "xparse/define-command"
. 
. Defining command \DeclareSIUnitWithOptions with sig. 'mmm' on line 7262.
.................................................
.................................................
. LaTeX info: "xparse/define-command"
. 
. Defining command \ang with sig. 'o>{\SplitArgument {2}{;}}m' on line 7277.
.................................................
.................................................
. LaTeX info: "xparse/define-command"
. 
. Defining command \num with sig. 'om' on line 7286.
.................................................
.................................................
. LaTeX info: "xparse/define-command"
. 
. Defining command \numlist with sig. 'o>{\SplitList {;}}m' on line 7295.
.................................................
.................................................
. LaTeX info: "xparse/define-command"
. 
. Defining command \numrange with sig. 'omm' on line 7304.
.................................................
.................................................
. LaTeX info: "xparse/define-command"
. 
. Defining command \SIlist with sig. 'o>{\SplitList {;}}mm' on line 7316.
.................................................
.................................................
. LaTeX info: "xparse/define-command"
. 
. Defining command \SIrange with sig. 'ommm' on line 7328.
.................................................
.................................................
. LaTeX info: "xparse/define-command"
. 
. Defining command \SI with sig. 'omom' on line 7340.
.................................................
.................................................
. LaTeX info: "xparse/define-command"
. 
. Defining command \sisetup with sig. 'm' on line 7343.
.................................................
.................................................
. LaTeX info: "xparse/define-command"
. 
. Defining command \tablenum with sig. 'om' on line 7358.
.................................................
.................................................
. LaTeX info: "xparse/define-command"
. 
. Defining command \si with sig. 'om' on line 7370.
.................................................
.................................................
. LaTeX info: "xparse/define-command"
. 
. Defining command \numInBookmark with sig. 'om' on line 7417.
.................................................
.................................................
. LaTeX info: "xparse/define-command"
. 
. Defining command \numrangeInBookmark with sig. 'omm' on line 7419.
.................................................
.................................................
. LaTeX info: "xparse/define-command"
. 
. Defining command \SIInBookmark with sig. 'omom' on line 7421.
.................................................
.................................................
. LaTeX info: "xparse/define-command"
. 
. Defining command \SIlistInBookmark with sig. 'omm' on line 7423.
.................................................
.................................................
. LaTeX info: "xparse/define-command"
. 
. Defining command \SIrangeInBookmark with sig. 'ommm' on line 7425.
.................................................
.................................................
. LaTeX info: "xparse/define-command"
. 
. Defining command \siInBookmark with sig. 'om' on line 7426.
.................................................
\g__file_internal_ior=\read2
) (d:/Programmi/texlive/2018/texmf-dist/tex/latex/pgf/basiclayer/pgf.sty
Package: pgf 2015/08/07 v3.0.1a (rcs-revision 1.15)
 (d:/Programmi/texlive/2018/texmf-dist/tex/generic/pgf/modules/pgfmoduleshapes.code.tex
File: pgfmoduleshapes.code.tex 2014/03/21  (rcs-revision 1.35)
\pgfnodeparttextbox=\box77
) (d:/Programmi/texlive/2018/texmf-dist/tex/generic/pgf/modules/pgfmoduleplot.code.tex
File: pgfmoduleplot.code.tex 2015/08/03  (rcs-revision 1.13)
) (d:/Programmi/texlive/2018/texmf-dist/tex/latex/pgf/compatibility/pgfcomp-version-0-65.sty
Package: pgfcomp-version-0-65 2007/07/03 v3.0.1a (rcs-revision 1.7)
\pgf@nodesepstart=\dimen301
\pgf@nodesepend=\dimen302
) (d:/Programmi/texlive/2018/texmf-dist/tex/latex/pgf/compatibility/pgfcomp-version-1-18.sty
Package: pgfcomp-version-1-18 2007/07/23 v3.0.1a (rcs-revision 1.1)
)) (d:/Programmi/texlive/2018/texmf-dist/tex/latex/pgf/frontendlayer/tikz.sty (d:/Programmi/texlive/2018/texmf-dist/tex/latex/pgf/utilities/pgffor.sty (d:/Programmi/texlive/2018/texmf-dist/tex/latex/pgf/utilities/pgfkeys.sty (d:/Programmi/texlive/2018/texmf-dist/tex/generic/pgf/utilities/pgfkeys.code.tex)) (d:/Programmi/texlive/2018/texmf-dist/tex/latex/pgf/math/pgfmath.sty (d:/Programmi/texlive/2018/texmf-dist/tex/generic/pgf/math/pgfmath.code.tex)) (d:/Programmi/texlive/2018/texmf-dist/tex/generic/pgf/utilities/pgffor.code.tex
Package: pgffor 2013/12/13 v3.0.1a (rcs-revision 1.25)
 (d:/Programmi/texlive/2018/texmf-dist/tex/generic/pgf/math/pgfmath.code.tex)
\pgffor@iter=\dimen303
\pgffor@skip=\dimen304
\pgffor@stack=\toks49
\pgffor@toks=\toks50
)) (d:/Programmi/texlive/2018/texmf-dist/tex/generic/pgf/frontendlayer/tikz/tikz.code.tex
Package: tikz 2015/08/07 v3.0.1a (rcs-revision 1.151)
 (d:/Programmi/texlive/2018/texmf-dist/tex/generic/pgf/libraries/pgflibraryplothandlers.code.tex
File: pgflibraryplothandlers.code.tex 2013/08/31 v3.0.1a (rcs-revision 1.20)
\pgf@plot@mark@count=\count334
\pgfplotmarksize=\dimen305
)
\tikz@lastx=\dimen306
\tikz@lasty=\dimen307
\tikz@lastxsaved=\dimen308
\tikz@lastysaved=\dimen309
\tikzleveldistance=\dimen310
\tikzsiblingdistance=\dimen311
\tikz@figbox=\box78
\tikz@figbox@bg=\box79
\tikz@tempbox=\box80
\tikz@tempbox@bg=\box81
\tikztreelevel=\count335
\tikznumberofchildren=\count336
\tikznumberofcurrentchild=\count337
\tikz@fig@count=\count338
 (d:/Programmi/texlive/2018/texmf-dist/tex/generic/pgf/modules/pgfmodulematrix.code.tex
File: pgfmodulematrix.code.tex 2013/09/17  (rcs-revision 1.8)
\pgfmatrixcurrentrow=\count339
\pgfmatrixcurrentcolumn=\count340
\pgf@matrix@numberofcolumns=\count341
)
\tikz@expandcount=\count342
 (d:/Programmi/texlive/2018/texmf-dist/tex/generic/pgf/frontendlayer/tikz/libraries/tikzlibrarytopaths.code.tex
File: tikzlibrarytopaths.code.tex 2008/06/17 v3.0.1a (rcs-revision 1.2)
))) (d:/Programmi/texlive/2018/texmf-dist/tex/latex/pgfplots/pgfplots.sty (d:/Programmi/texlive/2018/texmf-dist/tex/generic/pgfplots/pgfplots.revision.tex)
Package: pgfplots 2018/03/28 v1.16 Data Visualization (1.16)
 (d:/Programmi/texlive/2018/texmf-dist/tex/generic/pgfplots/pgfplots.code.tex (d:/Programmi/texlive/2018/texmf-dist/tex/generic/pgfplots/pgfplotscore.code.tex
\t@pgfplots@toka=\toks51
\t@pgfplots@tokb=\toks52
\t@pgfplots@tokc=\toks53
\pgfplots@tmpa=\dimen312
\c@pgfplots@coordindex=\count343
\c@pgfplots@scanlineindex=\count344
 (d:/Programmi/texlive/2018/texmf-dist/tex/generic/pgfplots/sys/pgfplotssysgeneric.code.tex)) (d:/Programmi/texlive/2018/texmf-dist/tex/generic/pgfplots/libs/pgfplotslibrary.code.tex) (d:/Programmi/texlive/2018/texmf-dist/tex/generic/pgfplots/oldpgfcompatib/pgfplotsoldpgfsupp_loader.code.tex (d:/Programmi/texlive/2018/texmf-dist/tex/generic/pgf/libraries/pgflibraryfpu.code.tex)
Package pgfplots: loading complementary arithmetics for your pgf version...
(d:/Programmi/texlive/2018/texmf-dist/tex/generic/pgfplots/oldpgfcompatib/pgfplotsoldpgfsupp_pgflibraryfpu.code.tex) (d:/Programmi/texlive/2018/texmf-dist/tex/generic/pgfplots/oldpgfcompatib/pgfplotsoldpgfsupp_pgfmathfloat.code.tex
\c@pgfmathroundto@lastzeros=\count345
) (d:/Programmi/texlive/2018/texmf-dist/tex/generic/pgfplots/oldpgfcompatib/pgfplotsoldpgfsupp_leq.code.tex)) (d:/Programmi/texlive/2018/texmf-dist/tex/generic/pgfplots/util/pgfplotsutil.code.tex (d:/Programmi/texlive/2018/texmf-dist/tex/generic/pgfplots/liststructure/pgfplotsliststructure.code.tex) (d:/Programmi/texlive/2018/texmf-dist/tex/generic/pgfplots/liststructure/pgfplotsliststructureext.code.tex) (d:/Programmi/texlive/2018/texmf-dist/tex/generic/pgfplots/liststructure/pgfplotsarray.code.tex
\c@pgfplotsarray@tmp=\count346
) (d:/Programmi/texlive/2018/texmf-dist/tex/generic/pgfplots/liststructure/pgfplotsmatrix.code.tex) (d:/Programmi/texlive/2018/texmf-dist/tex/generic/pgfplots/numtable/pgfplotstableshared.code.tex
\c@pgfplotstable@counta=\count347
\t@pgfplotstable@a=\toks54
) (d:/Programmi/texlive/2018/texmf-dist/tex/generic/pgfplots/liststructure/pgfplotsdeque.code.tex) (d:/Programmi/texlive/2018/texmf-dist/tex/generic/pgfplots/util/pgfplotsbinary.code.tex (d:/Programmi/texlive/2018/texmf-dist/tex/generic/pgfplots/util/pgfplotsbinary.data.code.tex)) (d:/Programmi/texlive/2018/texmf-dist/tex/generic/pgfplots/util/pgfplotsutil.verb.code.tex) (d:/Programmi/texlive/2018/texmf-dist/tex/generic/pgfplots/libs/pgflibrarypgfplots.surfshading.code.tex
\c@pgfplotslibrarysurf@no=\count348
 (d:/Programmi/texlive/2018/texmf-dist/tex/generic/pgfplots/sys/pgflibrarypgfplots.surfshading.pgfsys-pdftex.def))) (d:/Programmi/texlive/2018/texmf-dist/tex/generic/pgfplots/util/pgfplotscolormap.code.tex (d:/Programmi/texlive/2018/texmf-dist/tex/generic/pgfplots/util/pgfplotscolor.code.tex)) (d:/Programmi/texlive/2018/texmf-dist/tex/generic/pgfplots/pgfplotsstackedplots.code.tex) (d:/Programmi/texlive/2018/texmf-dist/tex/generic/pgfplots/pgfplotsplothandlers.code.tex (d:/Programmi/texlive/2018/texmf-dist/tex/generic/pgfplots/pgfplotsmeshplothandler.code.tex (d:/Programmi/texlive/2018/texmf-dist/tex/generic/pgfplots/pgfplotsmeshplotimage.code.tex))) (d:/Programmi/texlive/2018/texmf-dist/tex/generic/pgfplots/pgfplots.scaling.code.tex) (d:/Programmi/texlive/2018/texmf-dist/tex/generic/pgfplots/pgfplotscoordprocessing.code.tex) (d:/Programmi/texlive/2018/texmf-dist/tex/generic/pgfplots/pgfplots.errorbars.code.tex) (d:/Programmi/texlive/2018/texmf-dist/tex/generic/pgfplots/pgfplots.markers.code.tex) (d:/Programmi/texlive/2018/texmf-dist/tex/generic/pgfplots/pgfplotsticks.code.tex) (d:/Programmi/texlive/2018/texmf-dist/tex/generic/pgfplots/pgfplots.paths.code.tex) (d:/Programmi/texlive/2018/texmf-dist/tex/generic/pgf/frontendlayer/tikz/libraries/tikzlibrarydecorations.code.tex (d:/Programmi/texlive/2018/texmf-dist/tex/generic/pgf/modules/pgfmoduledecorations.code.tex
\pgfdecoratedcompleteddistance=\dimen313
\pgfdecoratedremainingdistance=\dimen314
\pgfdecoratedinputsegmentcompleteddistance=\dimen315
\pgfdecoratedinputsegmentremainingdistance=\dimen316
\pgf@decorate@distancetomove=\dimen317
\pgf@decorate@repeatstate=\count349
\pgfdecorationsegmentamplitude=\dimen318
\pgfdecorationsegmentlength=\dimen319
)
\tikz@lib@dec@box=\box82
) (d:/Programmi/texlive/2018/texmf-dist/tex/generic/pgf/frontendlayer/tikz/libraries/tikzlibrarydecorations.pathmorphing.code.tex (d:/Programmi/texlive/2018/texmf-dist/tex/generic/pgf/libraries/decorations/pgflibrarydecorations.pathmorphing.code.tex)) (d:/Programmi/texlive/2018/texmf-dist/tex/generic/pgf/frontendlayer/tikz/libraries/tikzlibrarydecorations.pathreplacing.code.tex (d:/Programmi/texlive/2018/texmf-dist/tex/generic/pgf/libraries/decorations/pgflibrarydecorations.pathreplacing.code.tex))
\pgfplots@numplots=\count350
\pgfplots@xmin@reg=\dimen320
\pgfplots@xmax@reg=\dimen321
\pgfplots@ymin@reg=\dimen322
\pgfplots@ymax@reg=\dimen323
\pgfplots@zmin@reg=\dimen324
\pgfplots@zmax@reg=\dimen325
) (d:/Programmi/texlive/2018/texmf-dist/tex/generic/pgf/frontendlayer/tikz/libraries/tikzlibraryplotmarks.code.tex
File: tikzlibraryplotmarks.code.tex 2008/01/09 v3.0.1a (rcs-revision 1.1)
 (d:/Programmi/texlive/2018/texmf-dist/tex/generic/pgf/libraries/pgflibraryplotmarks.code.tex
File: pgflibraryplotmarks.code.tex 2015/08/03 v3.0.1a (rcs-revision 1.14)
)))
\sympureletters=\mathgroup6
LaTeX Font Info:    Overwriting symbol font `pureletters' in version `bold'
(Font)                  OT1/mathkerncmss/m/sl --> OT1/mathkerncmss/bx/sl on input line 21.
 (d:/Programmi/texlive/2018/texmf-dist/tex/latex/tools/bm.sty
Package: bm 2017/01/16 v1.2c Bold Symbol Support (DPC/FMi)
\symboldoperators=\mathgroup7
\symboldletters=\mathgroup8
\symboldsymbols=\mathgroup9
\symboldpureletters=\mathgroup10
LaTeX Font Info:    Redeclaring math alphabet \mathbf on input line 141.
LaTeX Info: Redefining \bm on input line 207.
) (d:/Programmi/texlive/2018/texmf-dist/tex/latex/relsize/relsize.sty
Package: relsize 2013/03/29 ver 4.1
) (d:/Programmi/texlive/2018/texmf-dist/tex/latex/wrapfig/wrapfig.sty
\wrapoverhang=\dimen326
\WF@size=\dimen327
\c@WF@wrappedlines=\count351
\WF@box=\box83
\WF@everypar=\toks55
Package: wrapfig 2003/01/31  v 3.6
)
Package hyperref Info: Option `colorlinks' set `true' on input line 32.
 (d:/Programmi/texlive/2018/texmf-dist/tex/generic/pgf/frontendlayer/tikz/libraries/tikzlibrarycalc.code.tex
File: tikzlibrarycalc.code.tex 2013/07/15 v3.0.1a (rcs-revision 1.9)
) (d:/Programmi/texlive/2018/texmf-dist/tex/generic/pgf/frontendlayer/tikz/libraries/tikzlibrarypositioning.code.tex
File: tikzlibrarypositioning.code.tex 2008/10/06 v3.0.1a (rcs-revision 1.7)
) (d:/Programmi/texlive/2018/texmf-dist/tex/generic/pgf/frontendlayer/tikz/libraries/tikzlibraryshapes.misc.code.tex
File: tikzlibraryshapes.misc.code.tex 2008/01/09 v3.0.1a (rcs-revision 1.1)
 (d:/Programmi/texlive/2018/texmf-dist/tex/generic/pgf/libraries/shapes/pgflibraryshapes.misc.code.tex
File: pgflibraryshapes.misc.code.tex 2013/07/18 v3.0.1a (rcs-revision 1.5)
))) (d:/Programmi/texlive/2018/texmf-dist/tex/latex/appendixnumberbeamer/appendixnumberbeamer.sty) (d:/Programmi/texlive/2018/texmf-dist/tex/latex/ucs/data/uni-0.def
File: uni-0.def 2013/05/13 UCS: Unicode data U+0000..U+00FF
) (d:/GitHub/PredictiveLearning_applied_to_MuonChamberMonitoring/SLIDES_THESIS/slides.aux)
\openout1 = `slides.aux'.

LaTeX Font Info:    Checking defaults for OML/cmm/m/it on input line 23.
LaTeX Font Info:    ... okay on input line 23.
LaTeX Font Info:    Checking defaults for T1/cmr/m/n on input line 23.
LaTeX Font Info:    ... okay on input line 23.
LaTeX Font Info:    Checking defaults for OT1/cmr/m/n on input line 23.
LaTeX Font Info:    ... okay on input line 23.
LaTeX Font Info:    Checking defaults for OMS/cmsy/m/n on input line 23.
LaTeX Font Info:    ... okay on input line 23.
LaTeX Font Info:    Checking defaults for OMX/cmex/m/n on input line 23.
LaTeX Font Info:    ... okay on input line 23.
LaTeX Font Info:    Checking defaults for U/cmr/m/n on input line 23.
LaTeX Font Info:    ... okay on input line 23.
LaTeX Font Info:    Checking defaults for PD1/pdf/m/n on input line 23.
LaTeX Font Info:    ... okay on input line 23.
LaTeX Font Info:    Checking defaults for TS1/cmr/m/n on input line 23.
LaTeX Font Info:    Try loading font information for TS1+cmr on input line 23.
 (d:/Programmi/texlive/2018/texmf-dist/tex/latex/base/ts1cmr.fd
File: ts1cmr.fd 2014/09/29 v2.5h Standard LaTeX font definitions
)
LaTeX Font Info:    ... okay on input line 23.

*geometry* driver: auto-detecting
*geometry* detected driver: pdftex
*geometry* verbose mode - [ preamble ] result:
* driver: pdftex
* paper: custom
* layout: <same size as paper>
* layoutoffset:(h,v)=(0.0pt,0.0pt)
* modes: includehead includefoot 
* h-part:(L,W,R)=(28.45274pt, 307.28987pt, 28.45274pt)
* v-part:(T,H,B)=(0.0pt, 273.14662pt, 0.0pt)
* \paperwidth=364.19536pt
* \paperheight=273.14662pt
* \textwidth=307.28987pt
* \textheight=244.6939pt
* \oddsidemargin=-43.81725pt
* \evensidemargin=-43.81725pt
* \topmargin=-72.26999pt
* \headheight=14.22636pt
* \headsep=0.0pt
* \topskip=11.0pt
* \footskip=14.22636pt
* \marginparwidth=4.0pt
* \marginparsep=10.0pt
* \columnsep=10.0pt
* \skip\footins=10.0pt plus 4.0pt minus 2.0pt
* \hoffset=0.0pt
* \voffset=0.0pt
* \mag=1000
* \@twocolumnfalse
* \@twosidefalse
* \@mparswitchfalse
* \@reversemarginfalse
* (1in=72.27pt=25.4mm, 1cm=28.453pt)

(d:/Programmi/texlive/2018/texmf-dist/tex/context/base/mkii/supp-pdf.mkii
[Loading MPS to PDF converter (version 2006.09.02).]
\scratchcounter=\count352
\scratchdimen=\dimen328
\scratchbox=\box84
\nofMPsegments=\count353
\nofMParguments=\count354
\everyMPshowfont=\toks56
\MPscratchCnt=\count355
\MPscratchDim=\dimen329
\MPnumerator=\count356
\makeMPintoPDFobject=\count357
\everyMPtoPDFconversion=\toks57
) (d:/Programmi/texlive/2018/texmf-dist/tex/latex/oberdiek/epstopdf-base.sty
Package: epstopdf-base 2016/05/15 v2.6 Base part for package epstopdf
 (d:/Programmi/texlive/2018/texmf-dist/tex/latex/oberdiek/grfext.sty
Package: grfext 2016/05/16 v1.2 Manage graphics extensions (HO)
)
Package epstopdf-base Info: Redefining graphics rule for `.eps' on input line 438.
Package grfext Info: Graphics extension search list:
(grfext)             [.pdf,.png,.jpg,.mps,.jpeg,.jbig2,.jb2,.PDF,.PNG,.JPG,.JPEG,.JBIG2,.JB2,.eps]
(grfext)             \AppendGraphicsExtensions on input line 456.
 (d:/Programmi/texlive/2018/texmf-dist/tex/latex/latexconfig/epstopdf-sys.cfg
File: epstopdf-sys.cfg 2010/07/13 v1.3 Configuration of (r)epstopdf for TeX Live
)) ABD: EveryShipout initializing macros
\AtBeginShipoutBox=\box85
Package hyperref Info: Link coloring ON on input line 23.
 (d:/Programmi/texlive/2018/texmf-dist/tex/latex/hyperref/nameref.sty
Package: nameref 2016/05/21 v2.44 Cross-referencing by name of section
 (d:/Programmi/texlive/2018/texmf-dist/tex/generic/oberdiek/gettitlestring.sty
Package: gettitlestring 2016/05/16 v1.5 Cleanup title references (HO)
)
\c@section@level=\count358
)
LaTeX Info: Redefining \ref on input line 23.
LaTeX Info: Redefining \pageref on input line 23.
LaTeX Info: Redefining \nameref on input line 23.
 (d:/GitHub/PredictiveLearning_applied_to_MuonChamberMonitoring/SLIDES_THESIS/slides.out) (d:/GitHub/PredictiveLearning_applied_to_MuonChamberMonitoring/SLIDES_THESIS/slides.out)
\@outlinefile=\write5
\openout5 = `slides.out'.

LaTeX Font Info:    Overwriting symbol font `operators' in version `normal'
(Font)                  OT1/cmr/m/n --> OT1/cmss/m/n on input line 23.
LaTeX Font Info:    Overwriting symbol font `operators' in version `bold'
(Font)                  OT1/cmr/bx/n --> OT1/cmss/bx/n on input line 23.
\symnumbers=\mathgroup11
LaTeX Font Info:    Redeclaring symbol font `pureletters' on input line 23.
LaTeX Font Info:    Encoding `OT1' has changed to `T1' for symbol font
(Font)              `pureletters' in the math version `normal' on input line 23.
LaTeX Font Info:    Overwriting symbol font `pureletters' in version `normal'
(Font)                  OT1/mathkerncmss/m/sl --> T1/cmss/m/it on input line 23.
LaTeX Font Info:    Encoding `OT1' has changed to `T1' for symbol font
(Font)              `pureletters' in the math version `bold' on input line 23.
LaTeX Font Info:    Overwriting symbol font `pureletters' in version `bold'
(Font)                  OT1/mathkerncmss/bx/sl --> T1/cmss/m/it on input line 23.
LaTeX Font Info:    Overwriting math alphabet `\mathrm' in version `normal'
(Font)                  OT1/cmss/m/n --> T1/cmr/m/n on input line 23.
LaTeX Font Info:    Redeclaring math alphabet \mathbf on input line 23.
LaTeX Font Info:    Redeclaring math alphabet \mathsf on input line 23.
LaTeX Font Info:    Overwriting math alphabet `\mathsf' in version `normal'
(Font)                  OT1/cmss/m/n --> T1/cmss/m/n on input line 23.
LaTeX Font Info:    Overwriting math alphabet `\mathsf' in version `bold'
(Font)                  OT1/cmss/bx/n --> T1/cmss/m/n on input line 23.
LaTeX Font Info:    Redeclaring math alphabet \mathit on input line 23.
LaTeX Font Info:    Overwriting math alphabet `\mathit' in version `normal'
(Font)                  OT1/cmr/m/it --> T1/cmss/m/it on input line 23.
LaTeX Font Info:    Overwriting math alphabet `\mathit' in version `bold'
(Font)                  OT1/cmr/bx/it --> T1/cmss/m/it on input line 23.
LaTeX Font Info:    Redeclaring math alphabet \mathtt on input line 23.
LaTeX Font Info:    Overwriting math alphabet `\mathtt' in version `normal'
(Font)                  OT1/cmtt/m/n --> T1/cmtt/m/n on input line 23.
LaTeX Font Info:    Overwriting math alphabet `\mathtt' in version `bold'
(Font)                  OT1/cmtt/m/n --> T1/cmtt/m/n on input line 23.
LaTeX Font Info:    Overwriting symbol font `numbers' in version `bold'
(Font)                  T1/cmss/m/n --> T1/cmss/bx/n on input line 23.
LaTeX Font Info:    Overwriting symbol font `pureletters' in version `bold'
(Font)                  T1/cmss/m/it --> T1/cmss/bx/it on input line 23.
LaTeX Font Info:    Overwriting math alphabet `\mathrm' in version `bold'
(Font)                  OT1/cmss/bx/n --> T1/cmr/bx/n on input line 23.
LaTeX Font Info:    Overwriting math alphabet `\mathbf' in version `bold'
(Font)                  T1/cmss/bx/n --> T1/cmss/bx/n on input line 23.
LaTeX Font Info:    Overwriting math alphabet `\mathsf' in version `bold'
(Font)                  T1/cmss/m/n --> T1/cmss/bx/n on input line 23.
LaTeX Font Info:    Overwriting math alphabet `\mathit' in version `bold'
(Font)                  T1/cmss/m/it --> T1/cmss/bx/it on input line 23.
LaTeX Font Info:    Overwriting math alphabet `\mathtt' in version `bold'
(Font)                  T1/cmtt/m/n --> T1/cmtt/bx/n on input line 23.
LaTeX Font Info:    Redeclaring symbol font `pureletters' on input line 23.
LaTeX Font Info:    Encoding `T1' has changed to `OT1' for symbol font
(Font)              `pureletters' in the math version `normal' on input line 23.
LaTeX Font Info:    Overwriting symbol font `pureletters' in version `normal'
(Font)                  T1/cmss/m/it --> OT1/mathkerncmss/m/sl on input line 23.
LaTeX Font Info:    Encoding `T1' has changed to `OT1' for symbol font
(Font)              `pureletters' in the math version `bold' on input line 23.
LaTeX Font Info:    Overwriting symbol font `pureletters' in version `bold'
(Font)                  T1/cmss/bx/it --> OT1/mathkerncmss/m/sl on input line 23.
LaTeX Font Info:    Overwriting symbol font `pureletters' in version `bold'
(Font)                  OT1/mathkerncmss/m/sl --> OT1/mathkerncmss/bx/sl on input line 23.
 (d:/Programmi/texlive/2018/texmf-dist/tex/latex/translator/translator-basic-dictionary-English.dict
Dictionary: translator-basic-dictionary, Language: English 
) (d:/Programmi/texlive/2018/texmf-dist/tex/latex/translator/translator-bibliography-dictionary-English.dict
Dictionary: translator-bibliography-dictionary, Language: English 
) (d:/Programmi/texlive/2018/texmf-dist/tex/latex/translator/translator-environment-dictionary-English.dict
Dictionary: translator-environment-dictionary, Language: English 
) (d:/Programmi/texlive/2018/texmf-dist/tex/latex/translator/translator-months-dictionary-English.dict
Dictionary: translator-months-dictionary, Language: English 
) (d:/Programmi/texlive/2018/texmf-dist/tex/latex/translator/translator-numbers-dictionary-English.dict
Dictionary: translator-numbers-dictionary, Language: English 
) (d:/Programmi/texlive/2018/texmf-dist/tex/latex/translator/translator-theorem-dictionary-English.dict
Dictionary: translator-theorem-dictionary, Language: English 
) (d:/Programmi/texlive/2018/texmf-dist/tex/latex/ucs/ucsencs.def
File: ucsencs.def 2011/01/21 Fixes to fontencodings LGR, T3
) (d:/Programmi/texlive/2018/texmf-dist/tex/latex/siunitx/siunitx-abbreviations.cfg
File: siunitx-abbreviations.cfg 2017/11/26 v2.7k siunitx: Abbreviated units
)
Package pgfplots notification 'compat/show suggested version=true': document has been generated with the most recent feature set (\pgfplotsset{compat=1.16}).

(d:/GitHub/PredictiveLearning_applied_to_MuonChamberMonitoring/SLIDES_THESIS/slides.nav)
LaTeX Font Info:    Try loading font information for U+msa on input line 23.
 (d:/Programmi/texlive/2018/texmf-dist/tex/latex/amsfonts/umsa.fd
File: umsa.fd 2013/01/14 v3.01 AMS symbols A
)
LaTeX Font Info:    Try loading font information for U+msb on input line 23.
 (d:/Programmi/texlive/2018/texmf-dist/tex/latex/amsfonts/umsb.fd
File: umsb.fd 2013/01/14 v3.01 AMS symbols B
)
LaTeX Font Info:    Try loading font information for OT1+mathkerncmss on input line 23.
 (d:/Programmi/texlive/2018/texmf-dist/tex/latex/sansmathaccent/ot1mathkerncmss.fd
File: ot1mathkerncmss.fd 2013/03/27 Fontinst v1.933 font definitions for OT1/mathkerncmss.
)
LaTeX Font Info:    Try loading font information for T1+cmtt on input line 23.
 (d:/Programmi/texlive/2018/texmf-dist/tex/latex/base/t1cmtt.fd
File: t1cmtt.fd 2014/09/29 v2.5h Standard LaTeX font definitions
) [1

{d:/Programmi/texlive/2018/texmf-var/fonts/map/pdftex/updmap/pdftex.map} <c:/Users/Utente/texmf/tex/latex/Padova/images/bg.pdf> <c:/Users/Utente/texmf/tex/latex/Padova/images/unipd_logo.png>]
<./Images/deep_learning.jpg, id=66, 502.5174pt x 346.1733pt>
File: ./Images/deep_learning.jpg Graphic file (type jpg)
<use ./Images/deep_learning.jpg>
Package pdftex.def Info: ./Images/deep_learning.jpg  used on input line 55.
(pdftex.def)             Requested size: 153.64493pt x 105.83888pt.
 [2

 <./Images/deep_learning.jpg> <c:/Users/Utente/texmf/tex/latex/Padova/images/unipd_logo_white.png> <c:/Users/Utente/texmf/tex/latex/Padova/images/bgWave.pdf>] (d:/GitHub/PredictiveLearning_applied_to_MuonChamberMonitoring/SLIDES_THESIS/Tikz/detector.tex
<./Images/cell.png, id=77, 328.1058pt x 179.2296pt>
File: ./Images/cell.png Graphic file (type png)
<use ./Images/cell.png>
Package pdftex.def Info: ./Images/cell.png  used on input line 82.
(pdftex.def)             Requested size: 236.61346pt x 129.25577pt.
)
Overfull \hbox (68.73764pt too wide) in paragraph at lines 1--95
 [] 
 []

[3

 <./Images/cell.png>]
<../PLOTS/DRIFT_TIME/thesis/run1252_shifted.pdf, id=89, 1011.78pt x 578.16pt>
File: ../PLOTS/DRIFT_TIME/thesis/run1252_shifted.pdf Graphic file (type pdf)
<use ../PLOTS/DRIFT_TIME/thesis/run1252_shifted.pdf>
Package pdftex.def Info: ../PLOTS/DRIFT_TIME/thesis/run1252_shifted.pdf  used on input line 129.
(pdftex.def)             Requested size: 153.64493pt x 87.79654pt.
 [4

 <../PLOTS/DRIFT_TIME/thesis/run1252_shifted.pdf>] (d:/GitHub/PredictiveLearning_applied_to_MuonChamberMonitoring/SLIDES_THESIS/Tikz/algo_summary.tex
<../PLOTS/DISTRIBUTIONS/ref.pdf, id=132, 1011.78pt x 578.16pt>
File: ../PLOTS/DISTRIBUTIONS/ref.pdf Graphic file (type pdf)
<use ../PLOTS/DISTRIBUTIONS/ref.pdf>
Package pdftex.def Info: ../PLOTS/DISTRIBUTIONS/ref.pdf  used on input line 66.
(pdftex.def)             Requested size: 92.1879pt x 52.67615pt.
<../PLOTS/DISTRIBUTIONS/exp.pdf, id=133, 1011.78pt x 578.16pt>
File: ../PLOTS/DISTRIBUTIONS/exp.pdf Graphic file (type pdf)
<use ../PLOTS/DISTRIBUTIONS/exp.pdf>
Package pdftex.def Info: ../PLOTS/DISTRIBUTIONS/exp.pdf  used on input line 66.
(pdftex.def)             Requested size: 92.1879pt x 52.67615pt.
<../PLOTS/DISTRIBUTIONS/log_ratio_47.pdf, id=134, 1011.78pt x 578.16pt>
File: ../PLOTS/DISTRIBUTIONS/log_ratio_47.pdf Graphic file (type pdf)
<use ../PLOTS/DISTRIBUTIONS/log_ratio_47.pdf>
Package pdftex.def Info: ../PLOTS/DISTRIBUTIONS/log_ratio_47.pdf  used on input line 66.
(pdftex.def)             Requested size: 92.1879pt x 52.67615pt.
<../PLOTS/DISTRIBUTIONS/summary_distribution.pdf, id=135, 867.24pt x 505.89pt>
File: ../PLOTS/DISTRIBUTIONS/summary_distribution.pdf Graphic file (type pdf)
<use ../PLOTS/DISTRIBUTIONS/summary_distribution.pdf>
Package pdftex.def Info: ../PLOTS/DISTRIBUTIONS/summary_distribution.pdf  used on input line 66.
(pdftex.def)             Requested size: 92.1879pt x 53.7723pt.
) [5

 <../PLOTS/DISTRIBUTIONS/ref.pdf> <../PLOTS/DISTRIBUTIONS/exp.pdf

pdfTeX warning: pdflatex.exe (file ../PLOTS/DISTRIBUTIONS/exp.pdf): PDF inclusion: multiple pdfs with page group included in a single page
> <../PLOTS/DISTRIBUTIONS/log_ratio_47.pdf

pdfTeX warning: pdflatex.exe (file ../PLOTS/DISTRIBUTIONS/log_ratio_47.pdf): PDF inclusion: multiple pdfs with page group included in a single page
> <../PLOTS/DISTRIBUTIONS/summary_distribution.pdf

pdfTeX warning: pdflatex.exe (file ../PLOTS/DISTRIBUTIONS/summary_distribution.pdf): PDF inclusion: multiple pdfs with page group included in a single page
>]
<./Images/reference.pdf, id=247, 1011.78pt x 578.16pt>
File: ./Images/reference.pdf Graphic file (type pdf)
<use ./Images/reference.pdf>
Package pdftex.def Info: ./Images/reference.pdf  used on input line 169.
(pdftex.def)             Requested size: 153.64493pt x 87.79654pt.
LaTeX Font Info:    Try loading font information for U+eus on input line 169.
 (d:/Programmi/texlive/2018/texmf-dist/tex/latex/amsfonts/ueus.fd
File: ueus.fd 2013/01/14 v3.01 Euler Script
)
<./Images/sampled_ref.pdf, id=248, 1011.78pt x 578.16pt>
File: ./Images/sampled_ref.pdf Graphic file (type pdf)
<use ./Images/sampled_ref.pdf>
Package pdftex.def Info: ./Images/sampled_ref.pdf  used on input line 169.
(pdftex.def)             Requested size: 153.64493pt x 87.79654pt.
 [6

 <./Images/reference.pdf> <./Images/sampled_ref.pdf

pdfTeX warning: pdflatex.exe (file ./Images/sampled_ref.pdf): PDF inclusion: multiple pdfs with page group included in a single page
>]
<../PLOTS/DRIFT_TIME/thesis/t_reference.pdf, id=317, 1011.78pt x 578.16pt>
File: ../PLOTS/DRIFT_TIME/thesis/t_reference.pdf Graphic file (type pdf)
<use ../PLOTS/DRIFT_TIME/thesis/t_reference.pdf>
Package pdftex.def Info: ../PLOTS/DRIFT_TIME/thesis/t_reference.pdf  used on input line 202.
(pdftex.def)             Requested size: 153.64493pt x 87.79654pt.
<../PLOTS/DRIFT_TIME/thesis/a_reference_quantiles.pdf, id=318, 1011.78pt x 578.16pt>
File: ../PLOTS/DRIFT_TIME/thesis/a_reference_quantiles.pdf Graphic file (type pdf)
<use ../PLOTS/DRIFT_TIME/thesis/a_reference_quantiles.pdf>
Package pdftex.def Info: ../PLOTS/DRIFT_TIME/thesis/a_reference_quantiles.pdf  used on input line 202.
(pdftex.def)             Requested size: 153.64493pt x 87.79654pt.
 [7

 <../PLOTS/DRIFT_TIME/thesis/t_reference.pdf> <../PLOTS/DRIFT_TIME/thesis/a_reference_quantiles.pdf

pdfTeX warning: pdflatex.exe (file ../PLOTS/DRIFT_TIME/thesis/a_reference_quantiles.pdf): PDF inclusion: multiple pdfs with page group included in a single page
>]
<./Images/reference_orange.pdf, id=407, 1011.78pt x 578.16pt>
File: ./Images/reference_orange.pdf Graphic file (type pdf)
<use ./Images/reference_orange.pdf>
Package pdftex.def Info: ./Images/reference_orange.pdf  used on input line 326.
(pdftex.def)             Requested size: 153.64493pt x 87.79654pt.
<./Images/1265_blue.pdf, id=408, 1011.78pt x 578.16pt>
File: ./Images/1265_blue.pdf Graphic file (type pdf)
<use ./Images/1265_blue.pdf>
Package pdftex.def Info: ./Images/1265_blue.pdf  used on input line 326.
(pdftex.def)             Requested size: 153.64493pt x 87.79654pt.
<./Images/1253_blue.pdf, id=409, 1011.78pt x 578.16pt>
File: ./Images/1253_blue.pdf Graphic file (type pdf)
<use ./Images/1253_blue.pdf>
Package pdftex.def Info: ./Images/1253_blue.pdf  used on input line 326.
(pdftex.def)             Requested size: 153.64493pt x 87.79654pt.
<./Images/1242_blue.pdf, id=410, 1011.78pt x 578.16pt>
File: ./Images/1242_blue.pdf Graphic file (type pdf)
<use ./Images/1242_blue.pdf>
Package pdftex.def Info: ./Images/1242_blue.pdf  used on input line 326.
(pdftex.def)             Requested size: 153.64493pt x 87.79654pt.
 [8

 <./Images/reference_orange.pdf> <./Images/1265_blue.pdf

pdfTeX warning: pdflatex.exe (file ./Images/1265_blue.pdf): PDF inclusion: multiple pdfs with page group included in a single page
> <./Images/1253_blue.pdf

pdfTeX warning: pdflatex.exe (file ./Images/1253_blue.pdf): PDF inclusion: multiple pdfs with page group included in a single page
> <./Images/1242_blue.pdf

pdfTeX warning: pdflatex.exe (file ./Images/1242_blue.pdf): PDF inclusion: multiple pdfs with page group included in a single page
>]
<./Images/reference_blue.pdf, id=540, 1011.78pt x 578.16pt>
File: ./Images/reference_blue.pdf Graphic file (type pdf)
<use ./Images/reference_blue.pdf>
Package pdftex.def Info: ./Images/reference_blue.pdf  used on input line 326.
(pdftex.def)             Requested size: 153.64493pt x 87.79654pt.
File: ./Images/1265_blue.pdf Graphic file (type pdf)
<use ./Images/1265_blue.pdf>
Package pdftex.def Info: ./Images/1265_blue.pdf  used on input line 326.
(pdftex.def)             Requested size: 153.64493pt x 87.79654pt.
<./Images/1253_orange.pdf, id=541, 1011.78pt x 578.16pt>
File: ./Images/1253_orange.pdf Graphic file (type pdf)
<use ./Images/1253_orange.pdf>
Package pdftex.def Info: ./Images/1253_orange.pdf  used on input line 326.
(pdftex.def)             Requested size: 153.64493pt x 87.79654pt.
File: ./Images/1242_blue.pdf Graphic file (type pdf)
<use ./Images/1242_blue.pdf>
Package pdftex.def Info: ./Images/1242_blue.pdf  used on input line 326.
(pdftex.def)             Requested size: 153.64493pt x 87.79654pt.
 [9

 <./Images/reference_blue.pdf> <./Images/1253_orange.pdf

pdfTeX warning: pdflatex.exe (file ./Images/1253_orange.pdf): PDF inclusion: multiple pdfs with page group included in a single page
>]
File: ./Images/reference_blue.pdf Graphic file (type pdf)
<use ./Images/reference_blue.pdf>
Package pdftex.def Info: ./Images/reference_blue.pdf  used on input line 326.
(pdftex.def)             Requested size: 153.64493pt x 87.79654pt.
<./Images/1265_orange.pdf, id=608, 1011.78pt x 578.16pt>
File: ./Images/1265_orange.pdf Graphic file (type pdf)
<use ./Images/1265_orange.pdf>
Package pdftex.def Info: ./Images/1265_orange.pdf  used on input line 326.
(pdftex.def)             Requested size: 153.64493pt x 87.79654pt.
File: ./Images/1253_blue.pdf Graphic file (type pdf)
<use ./Images/1253_blue.pdf>
Package pdftex.def Info: ./Images/1253_blue.pdf  used on input line 326.
(pdftex.def)             Requested size: 153.64493pt x 87.79654pt.
File: ./Images/1242_blue.pdf Graphic file (type pdf)
<use ./Images/1242_blue.pdf>
Package pdftex.def Info: ./Images/1242_blue.pdf  used on input line 326.
(pdftex.def)             Requested size: 153.64493pt x 87.79654pt.
 [10

 <./Images/1265_orange.pdf>]
File: ./Images/reference_blue.pdf Graphic file (type pdf)
<use ./Images/reference_blue.pdf>
Package pdftex.def Info: ./Images/reference_blue.pdf  used on input line 326.
(pdftex.def)             Requested size: 153.64493pt x 87.79654pt.
File: ./Images/1265_blue.pdf Graphic file (type pdf)
<use ./Images/1265_blue.pdf>
Package pdftex.def Info: ./Images/1265_blue.pdf  used on input line 326.
(pdftex.def)             Requested size: 153.64493pt x 87.79654pt.
File: ./Images/1253_blue.pdf Graphic file (type pdf)
<use ./Images/1253_blue.pdf>
Package pdftex.def Info: ./Images/1253_blue.pdf  used on input line 326.
(pdftex.def)             Requested size: 153.64493pt x 87.79654pt.
<./Images/1242_orange.pdf, id=646, 1011.78pt x 578.16pt>
File: ./Images/1242_orange.pdf Graphic file (type pdf)
<use ./Images/1242_orange.pdf>
Package pdftex.def Info: ./Images/1242_orange.pdf  used on input line 326.
(pdftex.def)             Requested size: 153.64493pt x 87.79654pt.
 [11

 <./Images/1242_orange.pdf>]
<../PLOTS/DRIFT_TIME/thesis/t_obs_1.pdf, id=683, 1011.78pt x 578.16pt>
File: ../PLOTS/DRIFT_TIME/thesis/t_obs_1.pdf Graphic file (type pdf)
<use ../PLOTS/DRIFT_TIME/thesis/t_obs_1.pdf>
Package pdftex.def Info: ../PLOTS/DRIFT_TIME/thesis/t_obs_1.pdf  used on input line 353.
(pdftex.def)             Requested size: 307.28987pt x 175.59308pt.
 [12

 <../PLOTS/DRIFT_TIME/thesis/t_obs_1.pdf>]
<../PLOTS/DRIFT_TIME/thesis/t_obs_2.pdf, id=734, 1011.78pt x 578.16pt>
File: ../PLOTS/DRIFT_TIME/thesis/t_obs_2.pdf Graphic file (type pdf)
<use ../PLOTS/DRIFT_TIME/thesis/t_obs_2.pdf>
Package pdftex.def Info: ../PLOTS/DRIFT_TIME/thesis/t_obs_2.pdf  used on input line 353.
(pdftex.def)             Requested size: 307.28987pt x 175.59308pt.
 [13

 <../PLOTS/DRIFT_TIME/thesis/t_obs_2.pdf>]
<../PLOTS/DRIFT_TIME/thesis/t_obs_3.pdf, id=788, 1011.78pt x 578.16pt>
File: ../PLOTS/DRIFT_TIME/thesis/t_obs_3.pdf Graphic file (type pdf)
<use ../PLOTS/DRIFT_TIME/thesis/t_obs_3.pdf>
Package pdftex.def Info: ../PLOTS/DRIFT_TIME/thesis/t_obs_3.pdf  used on input line 353.
(pdftex.def)             Requested size: 307.28987pt x 175.59308pt.
 [14

 <../PLOTS/DRIFT_TIME/thesis/t_obs_3.pdf>]
<../FALKON/plots/nn_reco.pdf, id=840, 1589.94pt x 1011.78pt>
File: ../FALKON/plots/nn_reco.pdf Graphic file (type pdf)
<use ../FALKON/plots/nn_reco.pdf>
Package pdftex.def Info: ../FALKON/plots/nn_reco.pdf  used on input line 368.
(pdftex.def)             Requested size: 305.93486pt x 194.67947pt.
 [15

 <../FALKON/plots/nn_reco.pdf>] [16

]
<../FALKON/plots/crossing_angle_corr.pdf, id=905, 1011.78pt x 578.16pt>
File: ../FALKON/plots/crossing_angle_corr.pdf Graphic file (type pdf)
<use ../FALKON/plots/crossing_angle_corr.pdf>
Package pdftex.def Info: ../FALKON/plots/crossing_angle_corr.pdf  used on input line 407.
(pdftex.def)             Requested size: 305.93486pt x 174.81674pt.
 [17

 <../FALKON/plots/crossing_angle_corr.pdf>] [18

] [19

]
LaTeX Font Info:    Try loading font information for TS1+cmss on input line 481.
 (d:/Programmi/texlive/2018/texmf-dist/tex/latex/base/ts1cmss.fd
File: ts1cmss.fd 2014/09/29 v2.5h Standard LaTeX font definitions
) (d:/GitHub/PredictiveLearning_applied_to_MuonChamberMonitoring/SLIDES_THESIS/Tikz/cell.tex) [20

] [21

] [22

]
<../PLOTS/DRIFT_TIME/thesis/a_distribution_1_0.pdf, id=994, 1011.78pt x 578.16pt>
File: ../PLOTS/DRIFT_TIME/thesis/a_distribution_1_0.pdf Graphic file (type pdf)
<use ../PLOTS/DRIFT_TIME/thesis/a_distribution_1_0.pdf>
Package pdftex.def Info: ../PLOTS/DRIFT_TIME/thesis/a_distribution_1_0.pdf  used on input line 605.
(pdftex.def)             Requested size: 112.17749pt x 64.10065pt.
<../PLOTS/DRIFT_TIME/thesis/a_quantiles_1_0.pdf, id=995, 1011.78pt x 578.16pt>
File: ../PLOTS/DRIFT_TIME/thesis/a_quantiles_1_0.pdf Graphic file (type pdf)
<use ../PLOTS/DRIFT_TIME/thesis/a_quantiles_1_0.pdf>
Package pdftex.def Info: ../PLOTS/DRIFT_TIME/thesis/a_quantiles_1_0.pdf  used on input line 605.
(pdftex.def)             Requested size: 112.17749pt x 64.10065pt.
<../PLOTS/DRIFT_TIME/thesis/a_distribution_50_0.pdf, id=996, 1011.78pt x 578.16pt>
File: ../PLOTS/DRIFT_TIME/thesis/a_distribution_50_0.pdf Graphic file (type pdf)
<use ../PLOTS/DRIFT_TIME/thesis/a_distribution_50_0.pdf>
Package pdftex.def Info: ../PLOTS/DRIFT_TIME/thesis/a_distribution_50_0.pdf  used on input line 605.
(pdftex.def)             Requested size: 112.17749pt x 64.10065pt.
<../PLOTS/DRIFT_TIME/thesis/a_quantiles_50_0.pdf, id=997, 1011.78pt x 578.16pt>
File: ../PLOTS/DRIFT_TIME/thesis/a_quantiles_50_0.pdf Graphic file (type pdf)
<use ../PLOTS/DRIFT_TIME/thesis/a_quantiles_50_0.pdf>
Package pdftex.def Info: ../PLOTS/DRIFT_TIME/thesis/a_quantiles_50_0.pdf  used on input line 605.
(pdftex.def)             Requested size: 112.17749pt x 64.10065pt.
<../PLOTS/DRIFT_TIME/thesis/a_distribution_100_0.pdf, id=998, 1011.78pt x 578.16pt>
File: ../PLOTS/DRIFT_TIME/thesis/a_distribution_100_0.pdf Graphic file (type pdf)
<use ../PLOTS/DRIFT_TIME/thesis/a_distribution_100_0.pdf>
Package pdftex.def Info: ../PLOTS/DRIFT_TIME/thesis/a_distribution_100_0.pdf  used on input line 605.
(pdftex.def)             Requested size: 112.17749pt x 64.10065pt.
<../PLOTS/DRIFT_TIME/thesis/a_quantiles_100_0.pdf, id=999, 1011.78pt x 578.16pt>
File: ../PLOTS/DRIFT_TIME/thesis/a_quantiles_100_0.pdf Graphic file (type pdf)
<use ../PLOTS/DRIFT_TIME/thesis/a_quantiles_100_0.pdf>
Package pdftex.def Info: ../PLOTS/DRIFT_TIME/thesis/a_quantiles_100_0.pdf  used on input line 605.
(pdftex.def)             Requested size: 112.17749pt x 64.10065pt.
 [23

 <../PLOTS/DRIFT_TIME/thesis/a_distribution_1_0.pdf> <../PLOTS/DRIFT_TIME/thesis/a_quantiles_1_0.pdf

pdfTeX warning: pdflatex.exe (file ../PLOTS/DRIFT_TIME/thesis/a_quantiles_1_0.pdf): PDF inclusion: multiple pdfs with page group included in a single page
> <../PLOTS/DRIFT_TIME/thesis/a_distribution_50_0.pdf

pdfTeX warning: pdflatex.exe (file ../PLOTS/DRIFT_TIME/thesis/a_distribution_50_0.pdf): PDF inclusion: multiple pdfs with page group included in a single page
> <../PLOTS/DRIFT_TIME/thesis/a_quantiles_50_0.pdf

pdfTeX warning: pdflatex.exe (file ../PLOTS/DRIFT_TIME/thesis/a_quantiles_50_0.pdf): PDF inclusion: multiple pdfs with page group included in a single page
> <../PLOTS/DRIFT_TIME/thesis/a_distribution_100_0.pdf

pdfTeX warning: pdflatex.exe (file ../PLOTS/DRIFT_TIME/thesis/a_distribution_100_0.pdf): PDF inclusion: multiple pdfs with page group included in a single page
> <../PLOTS/DRIFT_TIME/thesis/a_quantiles_100_0.pdf

pdfTeX warning: pdflatex.exe (file ../PLOTS/DRIFT_TIME/thesis/a_quantiles_100_0.pdf): PDF inclusion: multiple pdfs with page group included in a single page
>] [24

]
\tf@nav=\write6
\openout6 = `slides.nav'.

\tf@toc=\write7
\openout7 = `slides.toc'.

\tf@snm=\write8
\openout8 = `slides.snm'.

Package atveryend Info: Empty hook `BeforeClearDocument' on input line 647.
Package atveryend Info: Empty hook `AfterLastShipout' on input line 647.
 (d:/GitHub/PredictiveLearning_applied_to_MuonChamberMonitoring/SLIDES_THESIS/slides.aux)
Package atveryend Info: Executing hook `AtVeryEndDocument' on input line 647.
Package atveryend Info: Executing hook `AtEndAfterFileList' on input line 647.
Package rerunfilecheck Info: File `slides.out' has not changed.
(rerunfilecheck)             Checksum: EC67463FCB0666F09CF4021118682890;440.
 ) 
Here is how much of TeX's memory you used:
 43711 strings out of 492649
 1026553 string characters out of 6128653
 1204555 words of memory out of 5000000
 46714 multiletter control sequences out of 15000+600000
 575858 words of font info for 135 fonts, out of 8000000 for 9000
 1141 hyphenation exceptions out of 8191
 73i,17n,127p,10459b,1495s stack positions out of 5000i,500n,10000p,200000b,80000s
{d:/Programmi/texlive/2018/texmf-dist/fonts/enc/dvips/cm-super/cm-super-t1.enc}{d:/Programmi/texlive/2018/texmf-dist/fonts/enc/dvips/cm-super/cm-super-ts1.enc}<d:/Programmi/texlive/2018/texmf-dist/fonts/type1/public/amsfonts/cm/cmbsy10.pfb><d:/Programmi/texlive/2018/texmf-dist/fonts/type1/public/amsfonts/cmextra/cmbsy6.pfb><d:/Programmi/texlive/2018/texmf-dist/fonts/type1/public/amsfonts/cmextra/cmbsy8.pfb><d:/Programmi/texlive/2018/texmf-dist/fonts/type1/public/amsfonts/cm/cmbx10.pfb><d:/Programmi/texlive/2018/texmf-dist/fonts/type1/public/amsfonts/cm/cmex10.pfb><d:/Programmi/texlive/2018/texmf-dist/fonts/type1/public/amsfonts/cmextra/cmex8.pfb><d:/Programmi/texlive/2018/texmf-dist/fonts/type1/public/amsfonts/cm/cmmi10.pfb><d:/Programmi/texlive/2018/texmf-dist/fonts/type1/public/amsfonts/cm/cmmi8.pfb><d:/Programmi/texlive/2018/texmf-dist/fonts/type1/public/amsfonts/cm/cmss10.pfb><d:/Programmi/texlive/2018/texmf-dist/fonts/type1/public/amsfonts/cm/cmss8.pfb><d:/Programmi/texlive/2018/texmf-dist/fonts/type1/public/amsfonts/cm/cmssi10.pfb><d:/Programmi/texlive/2018/texmf-dist/fonts/type1/public/amsfonts/cm/cmssi8.pfb><d:/Programmi/texlive/2018/texmf-dist/fonts/type1/public/amsfonts/cm/cmsy10.pfb><d:/Programmi/texlive/2018/texmf-dist/fonts/type1/public/amsfonts/cm/cmsy6.pfb><d:/Programmi/texlive/2018/texmf-dist/fonts/type1/public/amsfonts/cm/cmsy8.pfb><d:/Programmi/texlive/2018/texmf-dist/fonts/type1/public/amsfonts/euler/eusm10.pfb><d:/Programmi/texlive/2018/texmf-dist/fonts/type1/public/cm-super/sfsi1095.pfb><d:/Programmi/texlive/2018/texmf-dist/fonts/type1/public/cm-super/sfso0800.pfb><d:/Programmi/texlive/2018/texmf-dist/fonts/type1/public/cm-super/sfso1000.pfb><d:/Programmi/texlive/2018/texmf-dist/fonts/type1/public/cm-super/sfss0600.pfb><d:/Programmi/texlive/2018/texmf-dist/fonts/type1/public/cm-super/sfss0700.pfb><d:/Programmi/texlive/2018/texmf-dist/fonts/type1/public/cm-super/sfss0800.pfb><d:/Programmi/texlive/2018/texmf-dist/fonts/type1/public/cm-super/sfss0900.pfb><d:/Programmi/texlive/2018/texmf-dist/fonts/type1/public/cm-super/sfss1000.pfb><d:/Programmi/texlive/2018/texmf-dist/fonts/type1/public/cm-super/sfss1095.pfb><d:/Programmi/texlive/2018/texmf-dist/fonts/type1/public/cm-super/sfss1200.pfb><d:/Programmi/texlive/2018/texmf-dist/fonts/type1/public/cm-super/sfss1440.pfb><d:/Programmi/texlive/2018/texmf-dist/fonts/type1/public/cm-super/sfss1728.pfb><d:/Programmi/texlive/2018/texmf-dist/fonts/type1/public/cm-super/sfss2074.pfb><d:/Programmi/texlive/2018/texmf-dist/fonts/type1/public/cm-super/sfsx1095.pfb><d:/Programmi/texlive/2018/texmf-dist/fonts/type1/public/cm-super/sfsx1200.pfb><d:/Programmi/texlive/2018/texmf-dist/fonts/type1/public/cm-super/sfsx2488.pfb><d:/Programmi/texlive/2018/texmf-dist/fonts/type1/public/cm-super/sftt0800.pfb>
Output written on d:/GitHub/PredictiveLearning_applied_to_MuonChamberMonitoring/SLIDES_THESIS/slides.pdf (24 pages, 1571988 bytes).
PDF statistics:
 1373 PDF objects out of 1440 (max. 8388607)
 485 compressed objects within 5 object streams
 58 named destinations out of 1000 (max. 500000)
 285 words of extra memory for PDF output out of 10000 (max. 10000000)

